PRT1
219
778
4 0 2 (2048 1024 -1018.030029 ) (2048 1024 4086.030029 ) (1024 1024 4086.030029 ) (1024 1024 -1018.030029 ) 
4 0 1 (1024 1024 -1018.030029 ) (1024 1024 4086.030029 ) (1024 2048 4086.030029 ) (1024 2048 -1018.030029 ) 
4 1 40 (0 1024 -1018.030029 ) (0 1024 4086.030029 ) (0 2048 4086.030029 ) (0 2048 -1018.030029 ) 
4 1 32 (1024 1024 704 ) (1024 1024 768 ) (664.889160 1024 768 ) (664.889160 1024 704 ) 
4 1 31 (664.889160 1024 768 ) (0 1024 768 ) (0 1024 704 ) (664.889160 1024 704 ) 
4 1 30 (1024 1024 768 ) (1024 1024 4086.030029 ) (0 1024 4086.030029 ) (0 1024 768 ) 
4 1 39 (1024 1024 -1018.030029 ) (1024 1024 704 ) (0 1024 704 ) (0 1024 -1018.030029 ) 
4 2 99 (2048 0 -1018.030029 ) (2048 0 4086.030029 ) (1024 0 4086.030029 ) (1024 0 -1018.030029 ) 
4 2 32 (1024 1024 768 ) (1024 1024 704 ) (1024 399.659607 704 ) (1024 399.659607 768 ) 
4 2 30 (1024 1024 4086.030029 ) (1024 1024 768 ) (1024 399.659607 768 ) (1024 399.659607 4086.030029 ) 
4 2 39 (1024 1024 704 ) (1024 1024 -1018.030029 ) (1024 399.659607 -1018.030029 ) (1024 399.659607 704 ) 
4 2 26 (1024 192.022263 704 ) (1024 192.022263 768 ) (1024 399.659607 768 ) (1024 399.659607 704 ) 
4 2 25 (1024 192.022263 768 ) (1024 192.022263 4086.030029 ) (1024 399.659607 4086.030029 ) (1024 399.659607 768 ) 
4 2 29 (1024 399.659607 -1018.030029 ) (1024 192.022263 -1018.030029 ) (1024 192.022263 704 ) (1024 399.659607 704 ) 
4 2 21 (1024 0 704 ) (1024 0 768 ) (1024 192.022263 768 ) (1024 192.022263 704 ) 
4 2 20 (1024 0 768 ) (1024 0 4086.030029 ) (1024 192.022263 4086.030029 ) (1024 192.022263 768 ) 
4 2 24 (1024 192.022263 -1018.030029 ) (1024 0 -1018.030029 ) (1024 0 704 ) (1024 192.022263 704 ) 
4 3 100 (448 0 4086.030029 ) (0 0 4086.030029 ) (0 0 -1018.030029 ) (448 0 -1018.030029 ) 
4 3 42 (0 0 -1018.030029 ) (0 0 4086.030029 ) (0 508.595795 4086.030029 ) (0 508.595764 -1018.030029 ) 
4 3 38 (0 508.595612 704 ) (0 508.595612 768 ) (62 502 768 ) (62 502 704 ) 
4 3 30 (0 508.595612 768 ) (0 508.596191 4086.030029 ) (61.998131 502 4086.030029 ) (62 502 768 ) 
4 3 39 (62.002014 502 -1018.030029 ) (0 508.595337 -1018.030029 ) (0 508.595612 704 ) (62 502 704 ) 
4 3 28 (61.998028 502.001007 704 ) (61.998024 502.001007 768 ) (151.998077 473.001038 768 ) (151.998077 473.001038 704 ) 
4 3 25 (61.998024 502.001007 768 ) (61.997925 502.001038 4086.030029 ) (151.998367 473 4086.030029 ) (151.998077 473.001038 768 ) 
4 3 29 (151.997925 473.001099 -1018.030029 ) (61.998077 502 -1018.030029 ) (61.998028 502.001007 704 ) (151.998077 473.001038 704 ) 
4 3 23 (152.001938 473 704 ) (152.001938 473 768 ) (235 426 768 ) (235 426 704 ) 
4 3 20 (152.001938 473 768 ) (152.001831 473 4086.030029 ) (235 426 4086.030029 ) (235 426 768 ) 
4 3 24 (235 426 -1018.030029 ) (152.001984 473 -1018.030029 ) (152.001938 473 704 ) (235 426 704 ) 
4 3 18 (234.988281 426.007813 704 ) (234.988281 426.007813 768 ) (307.006439 361.991577 768 ) (307.006439 361.991577 704 ) 
4 3 16 (234.988281 426.007813 768 ) (234.988281 426.007813 4086.030029 ) (307.006226 361.991852 4086.030029 ) (307.006439 361.991577 768 ) 
4 3 19 (307.006531 361.991455 -1018.030029 ) (234.988281 426.007813 -1018.030029 ) (234.988281 426.007813 704 ) (307.006439 361.991577 704 ) 
4 3 14 (306.994171 362.005829 704 ) (306.994171 362.005829 768 ) (367.002319 283.995392 768 ) (367.002319 283.995392 704 ) 
4 3 13 (306.994171 362.005829 768 ) (306.994263 362.005737 4086.030029 ) (367.002411 283.995148 4086.030029 ) (367.002319 283.995392 768 ) 
4 3 15 (367.002258 283.995514 -1018.030029 ) (306.994110 362.005890 -1018.030029 ) (306.994171 362.005829 704 ) (367.002319 283.995392 704 ) 
4 3 11 (366.997101 284.005829 704 ) (366.997101 284.005829 768 ) (411 196 768 ) (411 196 704 ) 
4 3 10 (366.997101 284.005829 768 ) (366.997131 284.005737 4086.030029 ) (411 196 4086.030029 ) (411 196 768 ) 
4 3 12 (411 196 -1018.030029 ) (366.997070 284.005890 -1018.030029 ) (366.997101 284.005829 704 ) (411 196 704 ) 
4 3 8 (411.001953 196 704 ) (411.001953 196 768 ) (439 100.008751 768 ) (439 100.008728 704 ) 
4 3 7 (411.001953 196 768 ) (411.001953 196 4086.030029 ) (439 100.009766 4086.030029 ) (439 100.008751 768 ) 
4 3 9 (439 100.008202 -1018.030029 ) (411.001953 196 -1018.030029 ) (411.001953 196 704 ) (439 100.008728 704 ) 
4 3 5 (439 100.003906 704 ) (439 100.003906 768 ) (448 0 768 ) (448 0 704 ) 
4 3 4 (439 100.003906 768 ) (439 100.003906 4086.030029 ) (448 0 4086.030029 ) (448 0 768 ) 
4 3 6 (448 0 -1018.030029 ) (439 100.003906 -1018.030029 ) (439 100.003906 704 ) (448 0 704 ) 
4 4 131 (468.166687 0 4086.030029 ) (448 0 4086.030029 ) (448 0 768 ) (468.166687 0 768 ) 
4 4 7 (439 100.008751 768 ) (439 100.009766 4086.030029 ) (468.168610 0 4086.030029 ) (468.168182 0 768 ) 
3 4 5 (447.998047 0 768 ) (438.996582 100.015625 768 ) (468.167816 0 768 ) 
4 5 134 (448 0 768 ) (448 0 704 ) (468.166687 0 704 ) (468.166687 0 768 ) 
4 5 8 (439 100.008728 704 ) (439 100.008751 768 ) (468.168182 0 768 ) (468.168182 0 704 ) 
3 5 6 (447.998047 0 704 ) (438.996582 100.015625 704 ) (468.167816 0 704 ) 
4 6 135 (448 0 704 ) (448 0 -1018.030029 ) (468.166687 0 -1018.030029 ) (468.166687 0 704 ) 
4 6 9 (468.167969 0 -1018.030029 ) (439 100.008202 -1018.030029 ) (439 100.008728 704 ) (468.168182 0 704 ) 
4 7 136 (509 0 4086.030029 ) (468.166687 0 4086.030029 ) (468.166687 0 768 ) (509 0 768 ) 
4 7 10 (411 196 768 ) (411 196 4086.030029 ) (509 0 4086.030029 ) (509 0 768 ) 
3 7 8 (468.166016 0 768 ) (410.998047 196.007813 768 ) (509.001953 0 768 ) 
4 8 139 (468.166687 0 768 ) (468.166687 0 704 ) (509 0 704 ) (509 0 768 ) 
4 8 11 (411 196 704 ) (411 196 768 ) (509 0 768 ) (509 0 704 ) 
3 8 9 (468.166016 0 704 ) (410.998047 196.007813 704 ) (509.001953 0 704 ) 
4 9 140 (468.166687 0 704 ) (468.166687 0 -1018.030029 ) (509 0 -1018.030029 ) (509 0 704 ) 
4 9 12 (509 0 -1018.030029 ) (411 196 -1018.030029 ) (411 196 704 ) (509 0 704 ) 
4 10 141 (585.461548 0 4086.030029 ) (509 0 4086.030029 ) (509 0 768 ) (585.461548 0 768 ) 
4 10 13 (367.002319 283.995392 768 ) (367.002411 283.995148 4086.030029 ) (585.460205 0 4086.030029 ) (585.460693 0 768 ) 
3 10 11 (509 0 768 ) (367 284 768 ) (585.461548 0 768 ) 
4 11 144 (509 0 768 ) (509 0 704 ) (585.461548 0 704 ) (585.461548 0 768 ) 
4 11 14 (367.002319 283.995392 704 ) (367.002319 283.995392 768 ) (585.460693 0 768 ) (585.460693 0 704 ) 
3 11 12 (509 0 704 ) (367 284 704 ) (585.461548 0 704 ) 
4 12 145 (509 0 704 ) (509 0 -1018.030029 ) (585.461548 0 -1018.030029 ) (585.461548 0 704 ) 
4 12 15 (585.460938 0 -1018.030029 ) (367.002258 283.995514 -1018.030029 ) (367.002319 283.995392 704 ) (585.460693 0 704 ) 
4 13 146 (714.250061 0 4086.030029 ) (585.461548 0 4086.030029 ) (585.461548 0 768 ) (714.250061 0 768 ) 
4 13 16 (307.006439 361.991577 768 ) (307.006226 361.991852 4086.030029 ) (714.247070 0 4086.030029 ) (714.246399 0 768 ) 
3 13 14 (585.460938 0 768 ) (307 362 768 ) (714.250000 0 768 ) 
4 14 149 (585.461548 0 768 ) (585.461548 0 704 ) (714.250061 0 704 ) (714.250061 0 768 ) 
4 14 18 (307.006439 361.991577 704 ) (307.006439 361.991577 768 ) (714.246399 0 768 ) (714.246399 0 704 ) 
3 14 15 (585.460938 0 704 ) (307 362 704 ) (714.250000 0 704 ) 
4 15 150 (585.461548 0 704 ) (585.461548 0 -1018.030029 ) (714.250061 0 -1018.030029 ) (714.250061 0 704 ) 
4 15 19 (714.246094 0 -1018.030029 ) (307.006531 361.991455 -1018.030029 ) (307.006439 361.991577 704 ) (714.246399 0 704 ) 
4 16 151 (987.297852 0 4086.030029 ) (714.250061 0 4086.030029 ) (714.250061 0 768 ) (987.297852 0 768 ) 
4 16 20 (235 426 768 ) (235 426 4086.030029 ) (987.298096 0 4086.030029 ) (987.295715 0 768 ) 
4 16 18 (714.250000 0 768 ) (235.011719 425.992188 768 ) (958.426392 16.347839 768 ) (960 0 768 ) 
3 16 17 (958.426392 16.347839 768 ) (987.295959 0 768 ) (960 0 768 ) 
4 17 152 (960 0 704 ) (987.297852 0 704 ) (987.297852 0 768 ) (960 0 768 ) 
4 17 22 (958.426392 16.347717 768 ) (987.295715 0 768 ) (987.295654 0 704 ) (958.426392 16.347702 704 ) 
3 17 19 (958.426392 16.347839 704 ) (987.295959 0 704 ) (960 0 704 ) 
4 17 18 (958.426758 16.351563 704 ) (960 0 704 ) (960 0 768 ) (958.426392 16.348938 768 ) 
4 18 155 (714.250061 0 768 ) (714.250061 0 704 ) (960 0 704 ) (960 0 768 ) 
4 18 23 (235 426 704 ) (235 426 768 ) (958.426392 16.347717 768 ) (958.426392 16.347702 704 ) 
4 18 19 (714.250000 0 704 ) (235.011719 425.992188 704 ) (958.426392 16.347839 704 ) (960 0 704 ) 
4 19 156 (714.250061 0 704 ) (714.250061 0 -1018.030029 ) (987.297852 0 -1018.030029 ) (987.297852 0 704 ) 
4 19 24 (987.294434 0 -1018.030029 ) (235 426 -1018.030029 ) (235 426 704 ) (987.295654 0 704 ) 
4 20 151 (1024 0 768 ) (1024 0 4086.030029 ) (987.297852 0 4086.030029 ) (987.297852 0 768 ) 
4 20 25 (151.998077 473.001038 768 ) (151.998367 473 4086.030029 ) (1024 192.022614 4086.030029 ) (1024 192.023270 768 ) 
4 20 23 (958.426880 16.342710 768 ) (151.976563 473.007813 768 ) (931.342712 221.878769 768 ) (942 187 768 ) 
4 20 22 (987.287415 0 768 ) (958.426880 16.342710 768 ) (942 187 768 ) (999.138916 0 768 ) 
4 20 21 (931.342712 221.878769 768 ) (1024 192.022522 768 ) (1024 0 768 ) (999.138916 0 768 ) 
4 21 152 (1024 0 704 ) (1024 0 768 ) (999.138916 0 768 ) (999.138916 0 704 ) 
4 21 27 (931.342407 221.879517 768 ) (971.793884 208.845184 768 ) (971.793884 208.845215 704 ) (931.342407 221.879547 704 ) 
4 21 26 (971.793884 208.845184 768 ) (1024 192.023270 768 ) (1024 192.023285 704 ) (971.793884 208.845215 704 ) 
4 21 23 (931.343750 221.878906 704 ) (942 187.004929 704 ) (942 186.993027 768 ) (931.341003 221.879044 768 ) 
4 21 22 (942 187.004929 704 ) (999.138916 0 704 ) (999.137390 0 768 ) (942 186.993027 768 ) 
4 21 24 (931.342712 221.878784 704 ) (1024 192.022552 704 ) (1024 0 704 ) (999.138916 0 704 ) 
4 22 152 (999.138916 0 768 ) (987.297852 0 768 ) (987.297852 0 704 ) (999.138916 0 704 ) 
4 22 24 (987.289063 0 704 ) (958.426819 16.343668 704 ) (942 187 704 ) (999.138916 0 704 ) 
4 22 23 (942 187.001923 768 ) (942 187.001923 704 ) (958.426208 16.349030 704 ) (958.425781 16.347656 768 ) 
4 23 28 (151.998077 473.001038 704 ) (151.998077 473.001038 768 ) (931.342407 221.879517 768 ) (931.342407 221.879547 704 ) 
4 23 24 (958.426819 16.343668 704 ) (151.976563 473.007813 704 ) (931.342712 221.878784 704 ) (942 187 704 ) 
4 24 156 (1024 0 -1018.030029 ) (1024 0 704 ) (987.297852 0 704 ) (987.297852 0 -1018.030029 ) 
4 24 29 (1024 192.023636 -1018.030029 ) (151.997925 473.001099 -1018.030029 ) (151.998077 473.001038 704 ) (1024 192.023285 704 ) 
4 25 30 (62 502 768 ) (61.998131 502 4086.030029 ) (1024 399.659668 4086.030029 ) (1024 399.659332 768 ) 
4 25 28 (931.341736 221.881805 768 ) (62.011719 501.998047 768 ) (860.144348 417.090302 768 ) (887 367 768 ) 
3 25 27 (971.792480 208.847733 768 ) (931.341736 221.881805 768 ) (887 367 768 ) 
4 25 26 (1024 192.025391 768 ) (971.792480 208.847733 768 ) (860.144348 417.090302 768 ) (1024 399.658844 768 ) 
4 26 33 (860.144043 417.090851 768 ) (895.543335 413.324951 768 ) (895.543335 413.324921 704 ) (860.144043 417.090820 704 ) 
4 26 32 (895.543335 413.324951 768 ) (1024 399.659332 768 ) (1024 399.659332 704 ) (895.543335 413.324921 704 ) 
4 26 28 (860.140625 417.093750 704 ) (887.002380 366.992188 704 ) (887.002136 366.993225 768 ) (860.142334 417.091248 768 ) 
4 26 27 (887.002380 366.992188 704 ) (971.791016 208.847656 704 ) (971.791016 208.847656 768 ) (887.002136 366.993225 768 ) 
4 26 29 (1024 192.025391 704 ) (971.792480 208.847733 704 ) (860.144348 417.090302 704 ) (1024 399.658844 704 ) 
3 27 29 (971.792480 208.847733 704 ) (931.341736 221.881805 704 ) (887 367 704 ) 
4 27 28 (886.998047 367.001984 768 ) (886.998047 367.001984 704 ) (931.341187 221.878998 704 ) (931.341797 221.878906 768 ) 
4 28 38 (62 502 704 ) (62 502 768 ) (860.144043 417.090851 768 ) (860.144043 417.090820 704 ) 
4 28 29 (931.341736 221.881805 704 ) (62.011719 501.998047 704 ) (860.144348 417.090302 704 ) (887 367 704 ) 
4 29 39 (1024 399.659180 -1018.030029 ) (62.002014 502 -1018.030029 ) (62 502 704 ) (1024 399.659332 704 ) 
4 30 90 (0 508.595795 4086.030029 ) (0 1024 4086.030029 ) (0 1024 768 ) (0 508.595764 768 ) 
8 30 38 (860.145020 417.089081 768 ) (0 508.593872 768 ) (0 960 768 ) (187 942 768 ) (367 887 768 ) (533 798 768 ) (679 679 768 ) (798 533 768 ) 
3 30 37 (533 798 768 ) (620.045044 751.331177 768 ) (679 679 768 ) 
3 30 36 (367 887 768 ) (556.713623 829.031921 768 ) (620.045044 751.331177 768 ) 
3 30 35 (187 942 768 ) (488.273621 913 768 ) (556.713623 829.031921 768 ) 
3 30 34 (0 960 768 ) (417.231445 1000.161316 768 ) (488.273621 913 768 ) 
3 30 33 (895.544800 413.323151 768 ) (860.145020 417.089081 768 ) (798 533 768 ) 
5 30 32 (1024 399.657715 768 ) (895.544800 413.323151 768 ) (417.231445 1000.161316 768 ) (664.889160 1024 768 ) (1024 1024 768 ) 
3 30 31 (0 960 768 ) (0 1024 768 ) (664.889160 1024 768 ) 
4 31 95 (0 999.138916 704 ) (0 960 704 ) (0 960 768 ) (0 999.138916 768 ) 
4 31 94 (0 1024 768 ) (0 1024 704 ) (0 999.138916 704 ) (0 999.138916 768 ) 
4 31 34 (0 960 704 ) (417.231323 1000.161499 704 ) (417.231567 1000.161194 768 ) (0 960 768 ) 
4 31 32 (417.231323 1000.161499 704 ) (664.886963 1024 704 ) (664.890625 1024 768 ) (417.231567 1000.161194 768 ) 
3 31 39 (0 960 704 ) (0 1024 704 ) (664.889160 1024 704 ) 
4 32 38 (678.995117 679.003906 704 ) (798.003418 532.993774 704 ) (798.003296 532.993835 768 ) (678.995117 679.003906 768 ) 
4 32 37 (620.042053 751.332886 704 ) (678.995117 679.003906 704 ) (678.995117 679.003906 768 ) (620.042053 751.332886 768 ) 
4 32 36 (556.711426 829.032654 704 ) (620.042053 751.332886 704 ) (620.042053 751.332886 768 ) (556.711426 829.032593 768 ) 
4 32 35 (488.271851 913 704 ) (556.711426 829.032654 704 ) (556.711426 829.032593 768 ) (488.271820 913 768 ) 
4 32 34 (417.232391 1000.158203 768 ) (417.232391 1000.158203 704 ) (488.271851 913 704 ) (488.271820 913 768 ) 
4 32 33 (798.003418 532.993774 704 ) (895.541382 413.325317 704 ) (895.539063 413.328125 768 ) (798.003296 532.993835 768 ) 
5 32 39 (1024 399.657715 704 ) (895.544800 413.323151 704 ) (417.231445 1000.161316 704 ) (664.889160 1024 704 ) (1024 1024 704 ) 
4 33 38 (797.997070 533.001953 768 ) (797.997070 533.001953 704 ) (860.141968 417.091248 704 ) (860.144531 417.089844 768 ) 
3 33 39 (895.544800 413.323151 704 ) (860.145020 417.089081 704 ) (798 533 704 ) 
4 34 38 (0 960 768 ) (0 960 704 ) (187.001007 942 704 ) (187.001007 942 768 ) 
4 34 35 (187.001007 942 704 ) (488.271637 913 704 ) (488.271637 913 768 ) (187.001007 942 768 ) 
3 34 39 (0 960 704 ) (417.231445 1000.161316 704 ) (488.273621 913 704 ) 
4 35 38 (186.998016 942 768 ) (186.998016 942 704 ) (366.998718 887 704 ) (366.998718 887 768 ) 
4 35 36 (366.998718 887 704 ) (556.713501 829.032166 704 ) (556.713501 829.032166 768 ) (366.998718 887 768 ) 
3 35 39 (187 942 704 ) (488.273621 913 704 ) (556.713623 829.031921 704 ) 
4 36 38 (367.001984 887 768 ) (367.001984 887 704 ) (532.998779 798 704 ) (532.998779 798 768 ) 
4 36 37 (532.998779 798 704 ) (620.044373 751.332031 704 ) (620.044373 751.332031 768 ) (532.998779 798 768 ) 
3 36 39 (367 887 704 ) (556.713623 829.031921 704 ) (620.045044 751.331177 704 ) 
3 37 39 (533 798 704 ) (620.045044 751.331177 704 ) (679 679 704 ) 
4 37 38 (532.992188 798.003906 768 ) (532.992188 798.003906 704 ) (679.005005 678.993774 704 ) (679.005005 678.993774 768 ) 
4 38 96 (0 960 704 ) (0 508.595764 704 ) (0 508.595764 768 ) (0 960 768 ) 
8 38 39 (860.145020 417.089081 704 ) (0 508.593750 704 ) (0 960 704 ) (187 942 704 ) (367 887 704 ) (533 798 704 ) (679 679 704 ) (798 533 704 ) 
4 39 97 (0 1024 704 ) (0 1024 -1018.030029 ) (0 508.595764 -1018.030029 ) (0 508.595764 704 ) 
4 40 94 (0 1024 704 ) (0 1024 768 ) (-111.471992 1024 768 ) (-111.471985 1024 704 ) 
4 40 93 (-111.471992 1024 768 ) (-255.722687 1024 768 ) (-255.722656 1024 704 ) (-111.471985 1024 704 ) 
4 40 92 (-255.722687 1024 768 ) (-397.801361 1024 768 ) (-397.801331 1024 704 ) (-255.722656 1024 704 ) 
4 40 91 (-397.801361 1024 768 ) (-1024 1024 768 ) (-1024 1024 704 ) (-397.801331 1024 704 ) 
4 40 90 (0 1024 768 ) (0 1024 4086.030029 ) (-1024 1024 4086.030029 ) (-1024 1024 768 ) 
4 40 97 (0 1024 -1018.030029 ) (0 1024 704 ) (-1024 1024 704 ) (-1024 1024 -1018.030029 ) 
4 40 41 (-1024 1024 -1018.030029 ) (-1024 1024 4086.030029 ) (-1024 2048 4086.030029 ) (-1024 2048 -1018.030029 ) 
4 41 98 (-1024 1024 -1018.030029 ) (-1024 1024 4086.030029 ) (-2048 1024 4086.030029 ) (-2048 1024 -1018.030029 ) 
4 42 159 (0 0 -1018.030029 ) (0 0 4086.030029 ) (-512 0 4086.030029 ) (-512 0 -1018.030029 ) 
4 42 96 (0 508.595947 768 ) (0 508.595947 704 ) (-32 512 704 ) (-32 512 768 ) 
4 42 90 (0 508.595917 4086.030029 ) (0 508.595947 768 ) (-32 512 768 ) (-32 512 4086.030029 ) 
4 42 97 (0 508.595947 704 ) (0 508.595947 -1018.030029 ) (-31.998997 512 -1018.030029 ) (-32 512 704 ) 
4 42 65 (-512 0 704 ) (-512 0 768 ) (-503 100 768 ) (-503 100 704 ) 
4 42 64 (-512 0 768 ) (-512 0 4086.030029 ) (-503 100 4086.030029 ) (-503 100 768 ) 
4 42 66 (-503 100 -1018.030029 ) (-512 0 -1018.030029 ) (-512 0 704 ) (-503 100 704 ) 
4 42 62 (-503 100.003906 704 ) (-503 100.003906 768 ) (-475.003082 195.993851 768 ) (-475.003082 195.993835 704 ) 
4 42 61 (-503 100.003906 768 ) (-503 100.003906 4086.030029 ) (-475.002747 195.994476 4086.030029 ) (-475.003082 195.993851 768 ) 
4 42 63 (-475.003235 195.993500 -1018.030029 ) (-503 100.003906 -1018.030029 ) (-503 100.003906 704 ) (-475.003082 195.993835 704 ) 
4 42 59 (-475 196 704 ) (-475 196 768 ) (-431 284 768 ) (-431 284 704 ) 
4 42 58 (-475 196 768 ) (-475 196 4086.030029 ) (-431 284 4086.030029 ) (-431 284 768 ) 
4 42 60 (-431 284 -1018.030029 ) (-475 196 -1018.030029 ) (-475 196 704 ) (-431 284 704 ) 
4 42 56 (-430.992188 284.013641 704 ) (-430.992188 284.013641 768 ) (-371.009735 361.991394 768 ) (-371.009766 361.991364 704 ) 
4 42 55 (-430.992188 284.013641 768 ) (-430.992188 284.013550 4086.030029 ) (-371.008209 361.992737 4086.030029 ) (-371.009735 361.991394 768 ) 
4 42 57 (-371.010559 361.990662 -1018.030029 ) (-430.992188 284.013702 -1018.030029 ) (-430.992188 284.013641 704 ) (-371.009766 361.991364 704 ) 
4 42 53 (-370.998016 362.001984 704 ) (-370.998016 362.001984 768 ) (-299 426 768 ) (-299 426 704 ) 
4 42 52 (-370.998016 362.001984 768 ) (-370.997925 362.002075 4086.030029 ) (-299 426 4086.030029 ) (-299 426 768 ) 
4 42 54 (-298.998871 426 -1018.030029 ) (-370.998077 362.001923 -1018.030029 ) (-370.998016 362.001984 704 ) (-299 426 704 ) 
4 42 50 (-299 426 704 ) (-299 426 768 ) (-216.001511 473 768 ) (-216.001541 473 704 ) 
4 42 49 (-299 426 768 ) (-299 426 4086.030029 ) (-216 473 4086.030029 ) (-216.001511 473 768 ) 
4 42 51 (-216.002411 473 -1018.030029 ) (-299 426 -1018.030029 ) (-299 426 704 ) (-216.001541 473 704 ) 
4 42 47 (-216.005875 472.997040 704 ) (-216.005875 472.997040 768 ) (-125.992638 502 768 ) (-125.992592 502 704 ) 
4 42 46 (-216.005875 472.997040 768 ) (-216.005981 472.997009 4086.030029 ) (-125.995132 502 4086.030029 ) (-125.992638 502 768 ) 
4 42 48 (-125.991302 502 -1018.030029 ) (-216.005829 472.997070 -1018.030029 ) (-216.005875 472.997040 704 ) (-125.992592 502 704 ) 
4 42 44 (-126 502 704 ) (-126 502 768 ) (-32 512 768 ) (-32 512 704 ) 
4 42 43 (-126 502 768 ) (-126 502 4086.030029 ) (-32 512 4086.030029 ) (-32 512 768 ) 
4 42 45 (-32 512 -1018.030029 ) (-126 502 -1018.030029 ) (-126 502 704 ) (-32 512 704 ) 
4 43 90 (-79.336540 517.036011 768 ) (-79.336594 517.035950 4086.030029 ) (-32 512 4086.030029 ) (-32 512 768 ) 
4 43 46 (-125.992638 502 768 ) (-125.995132 502 4086.030029 ) (-79.334427 517.035645 4086.030029 ) (-79.332870 517.035339 768 ) 
3 43 44 (-32.007813 512 768 ) (-125.992188 502.002930 768 ) (-79.337906 517.035950 768 ) 
4 44 96 (-79.336540 517.036011 704 ) (-79.336540 517.036011 768 ) (-32 512 768 ) (-32 512 704 ) 
4 44 47 (-125.992592 502 704 ) (-125.992638 502 768 ) (-79.332870 517.035339 768 ) (-79.332840 517.035339 704 ) 
3 44 45 (-32.007813 512 704 ) (-125.992188 502.002930 704 ) (-79.337906 517.035950 704 ) 
4 45 97 (-31.998997 512 -1018.030029 ) (-79.336510 517.036011 -1018.030029 ) (-79.336540 517.036011 704 ) (-32 512 704 ) 
4 45 48 (-79.332031 517.035156 -1018.030029 ) (-125.991302 502 -1018.030029 ) (-125.992592 502 704 ) (-79.332840 517.035339 704 ) 
4 46 90 (-128.919296 522.310791 768 ) (-128.919373 522.310730 4086.030029 ) (-79.336594 517.035950 4086.030029 ) (-79.336540 517.036011 768 ) 
4 46 49 (-216.001511 473 768 ) (-216 473 4086.030029 ) (-128.919525 522.310608 4086.030029 ) (-128.921051 522.310547 768 ) 
3 46 47 (-79.343750 517.037109 768 ) (-216 473.001953 768 ) (-128.922424 522.310913 768 ) 
4 47 96 (-128.919296 522.310791 704 ) (-128.919296 522.310791 768 ) (-79.336540 517.036011 768 ) (-79.336540 517.036011 704 ) 
4 47 50 (-216.001541 473 704 ) (-216.001511 473 768 ) (-128.921051 522.310547 768 ) (-128.921082 522.310547 704 ) 
3 47 48 (-79.343750 517.037109 704 ) (-216 473.001953 704 ) (-128.922424 522.310913 704 ) 
4 48 97 (-79.336510 517.036011 -1018.030029 ) (-128.919250 522.310791 -1018.030029 ) (-128.919296 522.310791 704 ) (-79.336540 517.036011 704 ) 
4 48 51 (-128.921875 522.310547 -1018.030029 ) (-216.002411 473 -1018.030029 ) (-216.001541 473 704 ) (-128.921082 522.310547 704 ) 
4 49 90 (-184.052094 528.175964 768 ) (-184.052124 528.175903 4086.030029 ) (-128.919373 522.310730 4086.030029 ) (-128.919296 522.310791 768 ) 
4 49 52 (-299 426 768 ) (-299 426 4086.030029 ) (-184.052444 528.175842 4086.030029 ) (-184.051361 528.175781 768 ) 
3 49 50 (-128.921875 522.312500 768 ) (-299 426 768 ) (-184.052216 528.175781 768 ) 
4 50 96 (-184.052094 528.175964 704 ) (-184.052094 528.175964 768 ) (-128.919296 522.310791 768 ) (-128.919296 522.310791 704 ) 
4 50 53 (-299 426 704 ) (-299 426 768 ) (-184.051361 528.175781 768 ) (-184.051346 528.175781 704 ) 
3 50 51 (-128.921875 522.312500 704 ) (-299 426 704 ) (-184.052216 528.175781 704 ) 
4 51 97 (-128.919250 522.310791 -1018.030029 ) (-184.052078 528.175964 -1018.030029 ) (-184.052094 528.175964 704 ) (-128.919296 522.310791 704 ) 
4 51 54 (-184.050781 528.175781 -1018.030029 ) (-298.998871 426 -1018.030029 ) (-299 426 704 ) (-184.051346 528.175781 704 ) 
4 52 90 (-238.700333 533.989624 768 ) (-238.700378 533.989563 4086.030029 ) (-184.052124 528.175903 4086.030029 ) (-184.052094 528.175964 768 ) 
4 52 55 (-371.009735 361.991394 768 ) (-371.008209 361.992737 4086.030029 ) (-238.702835 533.989685 4086.030029 ) (-238.703033 533.991272 768 ) 
3 52 53 (-184.054688 528.175781 768 ) (-371.007813 361.992188 768 ) (-238.702118 533.989624 768 ) 
4 53 96 (-238.700333 533.989624 704 ) (-238.700333 533.989624 768 ) (-184.052094 528.175964 768 ) (-184.052094 528.175964 704 ) 
4 53 56 (-371.009766 361.991364 704 ) (-371.009735 361.991394 768 ) (-238.703033 533.991272 768 ) (-238.703033 533.991333 704 ) 
3 53 54 (-184.054688 528.175781 704 ) (-371.007813 361.992188 704 ) (-238.702118 533.989624 704 ) 
4 54 97 (-184.052078 528.175964 -1018.030029 ) (-238.700317 533.989624 -1018.030029 ) (-238.700333 533.989624 704 ) (-184.052094 528.175964 704 ) 
4 54 57 (-238.703125 533.992188 -1018.030029 ) (-371.010559 361.990662 -1018.030029 ) (-371.009766 361.991364 704 ) (-238.703033 533.991333 704 ) 
4 55 90 (-302.605957 540.788086 768 ) (-302.605988 540.788025 4086.030029 ) (-238.700378 533.989563 4086.030029 ) (-238.700333 533.989624 768 ) 
4 55 58 (-431 284 768 ) (-431 284 4086.030029 ) (-302.606079 540.787842 4086.030029 ) (-302.605682 540.788635 768 ) 
3 55 56 (-238.703125 533.988281 768 ) (-430.996094 284.007813 768 ) (-302.606079 540.787903 768 ) 
4 56 96 (-302.605957 540.788086 704 ) (-302.605957 540.788086 768 ) (-238.700333 533.989624 768 ) (-238.700333 533.989624 704 ) 
4 56 59 (-431 284 704 ) (-431 284 768 ) (-302.605682 540.788635 768 ) (-302.605682 540.788635 704 ) 
3 56 57 (-238.703125 533.988281 704 ) (-430.996094 284.007813 704 ) (-302.606079 540.787903 704 ) 
4 57 97 (-238.700317 533.989624 -1018.030029 ) (-302.605927 540.788086 -1018.030029 ) (-302.605957 540.788086 704 ) (-238.700333 533.989624 704 ) 
4 57 60 (-302.605469 540.789063 -1018.030029 ) (-431 284 -1018.030029 ) (-431 284 704 ) (-302.605682 540.788635 704 ) 
4 58 90 (-372.275116 548.199707 768 ) (-372.275116 548.199646 4086.030029 ) (-302.605988 540.788025 4086.030029 ) (-302.605957 540.788086 768 ) 
4 58 61 (-475.003082 195.993851 768 ) (-475.002747 195.994476 4086.030029 ) (-372.276245 548.199585 4086.030029 ) (-372.276978 548.199341 768 ) 
3 58 59 (-302.603516 540.785156 768 ) (-475.005859 195.980469 768 ) (-372.275299 548.199524 768 ) 
4 59 96 (-372.275116 548.199707 704 ) (-372.275116 548.199707 768 ) (-302.605957 540.788086 768 ) (-302.605957 540.788086 704 ) 
4 59 62 (-475.003082 195.993835 704 ) (-475.003082 195.993851 768 ) (-372.276978 548.199341 768 ) (-372.276978 548.199341 704 ) 
3 59 60 (-302.603516 540.785156 704 ) (-475.005859 195.980469 704 ) (-372.275299 548.199524 704 ) 
4 60 97 (-302.605927 540.788086 -1018.030029 ) (-372.275116 548.199707 -1018.030029 ) (-372.275116 548.199707 704 ) (-302.605957 540.788086 704 ) 
4 60 63 (-372.277344 548.199219 -1018.030029 ) (-475.003235 195.993500 -1018.030029 ) (-475.003082 195.993835 704 ) (-372.276978 548.199341 704 ) 
4 61 90 (-461.804840 557.724121 768 ) (-461.804871 557.724121 4086.030029 ) (-372.275116 548.199646 4086.030029 ) (-372.275116 548.199707 768 ) 
4 61 64 (-461.804901 557.724731 4086.030029 ) (-461.804932 557.724609 768 ) (-503 100 768 ) (-503 100 4086.030029 ) 
3 61 62 (-372.275391 548.203125 768 ) (-502.998047 100.007813 768 ) (-461.803650 557.723877 768 ) 
4 62 96 (-461.804840 557.724121 704 ) (-461.804840 557.724121 768 ) (-372.275116 548.199707 768 ) (-372.275116 548.199707 704 ) 
4 62 65 (-461.804932 557.724609 768 ) (-461.804932 557.724609 704 ) (-503 100 704 ) (-503 100 768 ) 
3 62 63 (-372.275391 548.203125 704 ) (-502.998047 100.007813 704 ) (-461.803650 557.723877 704 ) 
4 63 97 (-372.275116 548.199707 -1018.030029 ) (-461.804840 557.724121 -1018.030029 ) (-461.804840 557.724121 704 ) (-372.275116 548.199707 704 ) 
4 63 66 (-461.804932 557.724609 704 ) (-461.804932 557.724548 -1018.030029 ) (-503 100 -1018.030029 ) (-503 100 704 ) 
4 64 90 (-563.165649 568.507202 4086.030029 ) (-461.804871 557.724121 4086.030029 ) (-461.804840 557.724121 768 ) (-563.165649 568.507202 768 ) 
4 64 67 (-512 -0.003084 768 ) (-512 -0.001556 4086.030029 ) (-563.165894 568.506958 4086.030029 ) (-563.165955 568.507507 768 ) 
3 64 65 (-512 0.009689 768 ) (-563.163818 568.506897 768 ) (-461.804199 557.726563 768 ) 
4 65 96 (-461.804840 557.724121 768 ) (-461.804840 557.724121 704 ) (-563.165649 568.507202 704 ) (-563.165649 568.507202 768 ) 
4 65 68 (-512 -0.003113 704 ) (-512 -0.003084 768 ) (-563.165955 568.507507 768 ) (-563.165955 568.507507 704 ) 
3 65 66 (-512 0.009689 704 ) (-563.163818 568.506897 704 ) (-461.804199 557.726563 704 ) 
4 66 97 (-461.804840 557.724121 704 ) (-461.804840 557.724121 -1018.030029 ) (-563.165649 568.507202 -1018.030029 ) (-563.165649 568.507202 704 ) 
4 66 69 (-563.166016 568.507813 -1018.030029 ) (-512 -0.003906 -1018.030029 ) (-512 -0.003113 704 ) (-563.165955 568.507507 704 ) 
4 67 160 (-512 0 768 ) (-512 0 4086.030029 ) (-532.166626 0 4086.030029 ) (-532.166626 0 768 ) 
4 67 90 (-702.298279 583.308533 4086.030029 ) (-563.165649 568.507202 4086.030029 ) (-563.165649 568.507202 768 ) (-702.298279 583.308533 768 ) 
4 67 70 (-532.168396 0 768 ) (-532.167847 0 4086.030029 ) (-702.299438 583.308472 4086.030029 ) (-702.300354 583.308533 768 ) 
4 67 68 (-532.165527 0 768 ) (-702.297119 583.308289 768 ) (-563.165039 568.507813 768 ) (-512 0.003906 768 ) 
4 68 161 (-512 0 704 ) (-512 0 768 ) (-532.166626 0 768 ) (-532.166626 0 704 ) 
4 68 96 (-563.165649 568.507202 768 ) (-563.165649 568.507202 704 ) (-702.298279 583.308533 704 ) (-702.298279 583.308533 768 ) 
4 68 73 (-532.168396 0 704 ) (-532.168396 0 768 ) (-702.300354 583.308533 768 ) (-702.300354 583.308533 704 ) 
4 68 69 (-532.165527 0 704 ) (-702.297119 583.308289 704 ) (-563.165039 568.507813 704 ) (-512 0.003906 704 ) 
4 69 162 (-512 0 -1018.030029 ) (-512 0 704 ) (-532.166626 0 704 ) (-532.166626 0 -1018.030029 ) 
4 69 97 (-563.165649 568.507202 704 ) (-563.165649 568.507202 -1018.030029 ) (-702.298279 583.308533 -1018.030029 ) (-702.298279 583.308533 704 ) 
4 69 74 (-702.300781 583.308594 -1018.030029 ) (-532.168701 0 -1018.030029 ) (-532.168396 0 704 ) (-702.300354 583.308533 704 ) 
4 70 163 (-532.166626 0 4086.030029 ) (-573 0 4086.030029 ) (-573 0 768 ) (-532.166626 0 768 ) 
4 70 90 (-873.775391 601.550781 768 ) (-873.775391 601.550781 4086.030029 ) (-702.298279 583.308533 4086.030029 ) (-702.298279 583.308533 768 ) 
4 70 75 (-573 0 4086.030029 ) (-873.775330 601.550659 4086.030029 ) (-873.775330 601.550659 768 ) (-573 0 768 ) 
6 70 73 (-702.296875 583.304688 768 ) (-532.166321 0 768 ) (-573 0 768 ) (-819.473816 492.947601 768 ) (-798 533 768 ) (-752.632751 588.660645 768 ) 
3 70 72 (-798 533 768 ) (-767.319946 590.223389 768 ) (-752.632751 588.660645 768 ) 
3 70 71 (-819.473816 492.947601 768 ) (-873.775330 601.550598 768 ) (-767.319946 590.223389 768 ) 
4 71 91 (-873.775391 601.550781 704 ) (-873.775391 601.550781 768 ) (-767.318787 590.225586 768 ) (-767.318787 590.225586 704 ) 
4 71 77 (-837.500000 529 704 ) (-819.473816 492.947662 704 ) (-819.473816 492.947662 768 ) (-837.500000 529 768 ) 
4 71 76 (-873.775330 601.550659 768 ) (-873.775330 601.550659 704 ) (-837.500000 529 704 ) (-837.500000 529 768 ) 
4 71 73 (-819.470703 492.949219 704 ) (-797.994324 533.006897 704 ) (-797.997314 533.003235 768 ) (-819.473389 492.946777 768 ) 
4 71 72 (-797.994324 533.006897 704 ) (-767.317444 590.225281 704 ) (-767.317993 590.225342 768 ) (-797.997314 533.003235 768 ) 
3 71 74 (-819.473816 492.947601 704 ) (-873.775330 601.550598 704 ) (-767.319946 590.223389 704 ) 
4 72 91 (-767.318787 590.225586 768 ) (-752.630798 588.663025 768 ) (-752.630798 588.663025 704 ) (-767.318787 590.225586 704 ) 
3 72 74 (-798 533 704 ) (-767.319946 590.223389 704 ) (-752.632751 588.660645 704 ) 
4 72 73 (-798.003906 532.992188 768 ) (-798.003906 532.992188 704 ) (-752.628662 588.662659 704 ) (-752.629333 588.662720 768 ) 
4 73 164 (-573 0 768 ) (-573 0 704 ) (-532.166626 0 704 ) (-532.166626 0 768 ) 
4 73 96 (-752.630798 588.663025 768 ) (-702.298279 583.308533 768 ) (-702.298279 583.308533 704 ) (-752.630798 588.663025 704 ) 
4 73 78 (-819.473816 492.947662 704 ) (-573 0 704 ) (-573 0 768 ) (-819.473816 492.947662 768 ) 
6 73 74 (-702.296875 583.304688 704 ) (-532.166321 0 704 ) (-573 0 704 ) (-819.473816 492.947601 704 ) (-798 533 704 ) (-752.632751 588.660645 704 ) 
4 74 165 (-573 0 704 ) (-573 0 -1018.030029 ) (-532.166626 0 -1018.030029 ) (-532.166626 0 704 ) 
4 74 97 (-873.775391 601.550781 -1018.030029 ) (-873.775391 601.550781 704 ) (-702.298279 583.308533 704 ) (-702.298279 583.308533 -1018.030029 ) 
4 74 79 (-873.775330 601.550659 704 ) (-873.775330 601.550659 -1018.030029 ) (-573 0 -1018.030029 ) (-573 0 704 ) 
4 75 166 (-573 0 768 ) (-573 0 4086.030029 ) (-649.461548 0 4086.030029 ) (-649.461548 0 768 ) 
4 75 98 (-1024 486.900024 4086.030029 ) (-1024 617.531921 4086.030029 ) (-1024 617.531921 768 ) (-1024 486.900024 768 ) 
4 75 90 (-1024 617.532104 768 ) (-1024 617.532104 4086.030029 ) (-873.775391 601.550781 4086.030029 ) (-873.775391 601.550781 768 ) 
4 75 80 (-649.466553 0 768 ) (-649.466370 0 4086.030029 ) (-1024 486.893738 4086.030029 ) (-1024 486.892731 768 ) 
5 75 78 (-649.465454 0 768 ) (-899.728760 325.342346 768 ) (-887 367 768 ) (-819.473816 492.947662 768 ) (-573 0 768 ) 
3 75 77 (-887 367 768 ) (-837.500000 529 768 ) (-819.473816 492.947662 768 ) 
5 75 76 (-899.728760 325.342346 768 ) (-1024 486.894989 768 ) (-1024 617.532043 768 ) (-873.775391 601.550781 768 ) (-837.500000 529 768 ) 
4 76 98 (-1024 617.531921 768 ) (-1024 617.531921 704 ) (-1024 486.900024 704 ) (-1024 486.900024 768 ) 
4 76 91 (-1024 617.532104 704 ) (-1024 617.532104 768 ) (-873.775391 601.550781 768 ) (-873.775391 601.550781 704 ) 
4 76 82 (-899.729187 325.340912 768 ) (-925.463501 358.795502 768 ) (-925.463562 358.795471 704 ) (-899.729187 325.340881 704 ) 
4 76 81 (-925.463501 358.795502 768 ) (-1024 486.892731 768 ) (-1024 486.892700 704 ) (-925.463562 358.795471 704 ) 
4 76 78 (-899.728516 325.343750 704 ) (-887 366.998810 704 ) (-887 367.001648 768 ) (-899.726563 325.347656 768 ) 
4 76 77 (-887 366.998810 704 ) (-837.500122 529 704 ) (-837.500000 529 768 ) (-887 367.001648 768 ) 
5 76 79 (-899.728760 325.342346 704 ) (-1024 486.894989 704 ) (-1024 617.532043 704 ) (-873.775391 601.550781 704 ) (-837.500000 529 704 ) 
3 77 79 (-887 367 704 ) (-837.500000 529 704 ) (-819.473816 492.947662 704 ) 
4 77 78 (-887 367.001984 768 ) (-887 367.001984 704 ) (-819.473877 492.947693 704 ) (-819.472656 492.953125 768 ) 
4 78 167 (-573 0 704 ) (-573 0 768 ) (-649.461548 0 768 ) (-649.461548 0 704 ) 
4 78 83 (-649.466553 0 704 ) (-649.466553 0 768 ) (-899.729187 325.340912 768 ) (-899.729187 325.340881 704 ) 
5 78 79 (-649.465454 0 704 ) (-899.728760 325.342346 704 ) (-887 367 704 ) (-819.473816 492.947662 704 ) (-573 0 704 ) 
4 79 168 (-573 0 -1018.030029 ) (-573 0 704 ) (-649.461548 0 704 ) (-649.461548 0 -1018.030029 ) 
4 79 98 (-1024 617.531921 704 ) (-1024 617.531921 -1018.030029 ) (-1024 486.900024 -1018.030029 ) (-1024 486.900024 704 ) 
4 79 97 (-1024 617.532104 -1018.030029 ) (-1024 617.532104 704 ) (-873.775391 601.550781 704 ) (-873.775391 601.550781 -1018.030029 ) 
4 79 84 (-1024 486.892151 -1018.030029 ) (-649.466675 0 -1018.030029 ) (-649.466553 0 704 ) (-1024 486.892700 704 ) 
4 80 169 (-649.461548 0 4086.030029 ) (-778.250061 0 4086.030029 ) (-778.250061 0 768 ) (-649.461548 0 768 ) 
4 80 98 (-1024 218.444397 4086.030029 ) (-1024 486.900024 4086.030029 ) (-1024 486.900024 768 ) (-1024 218.444397 768 ) 
4 80 85 (-778.252258 0 768 ) (-778.253052 0 4086.030029 ) (-1024 218.441711 4086.030029 ) (-1024 218.442215 768 ) 
5 80 83 (-899.729370 325.340271 768 ) (-649.467407 0 768 ) (-778.250000 0 768 ) (-945.674805 148.822083 768 ) (-942 187 768 ) 
3 80 82 (-925.463562 358.794708 768 ) (-899.729370 325.340271 768 ) (-942 187 768 ) 
4 80 81 (-1024 486.891937 768 ) (-925.463562 358.794708 768 ) (-945.674805 148.822083 768 ) (-1024 218.444473 768 ) 
4 81 98 (-1024 486.900024 768 ) (-1024 486.900024 704 ) (-1024 218.444397 704 ) (-1024 218.444397 768 ) 
4 81 87 (-945.675049 148.820114 768 ) (-977.005615 176.669479 768 ) (-977.005615 176.669495 704 ) (-945.675049 148.820114 704 ) 
4 81 86 (-977.005615 176.669479 768 ) (-1024 218.442215 768 ) (-1024 218.442230 704 ) (-977.005615 176.669495 704 ) 
4 81 83 (-945.675293 148.820313 704 ) (-942 187 704 ) (-942 186.998871 768 ) (-945.675110 148.822281 768 ) 
4 81 82 (-942 187 704 ) (-925.462402 358.808594 704 ) (-925.462891 358.804688 768 ) (-942 186.998871 768 ) 
4 81 84 (-1024 486.891937 704 ) (-925.463562 358.794708 704 ) (-945.674805 148.822083 704 ) (-1024 218.444473 704 ) 
3 82 84 (-925.463562 358.794708 704 ) (-899.729370 325.340271 704 ) (-942 187 704 ) 
4 82 83 (-942 186.998016 768 ) (-942 186.998016 704 ) (-899.727905 325.346252 704 ) (-899.726563 325.343750 768 ) 
4 83 170 (-778.250061 0 768 ) (-778.250061 0 704 ) (-649.461548 0 704 ) (-649.461548 0 768 ) 
4 83 88 (-778.252258 0 704 ) (-778.252258 0 768 ) (-945.675049 148.820114 768 ) (-945.675049 148.820114 704 ) 
5 83 84 (-899.729370 325.340271 704 ) (-649.467407 0 704 ) (-778.250000 0 704 ) (-945.674805 148.822083 704 ) (-942 187 704 ) 
4 84 171 (-778.250061 0 704 ) (-778.250061 0 -1018.030029 ) (-649.461548 0 -1018.030029 ) (-649.461548 0 704 ) 
4 84 98 (-1024 486.900024 704 ) (-1024 486.900024 -1018.030029 ) (-1024 218.444397 -1018.030029 ) (-1024 218.444397 704 ) 
4 84 89 (-1024 218.442505 -1018.030029 ) (-778.251831 0 -1018.030029 ) (-778.252258 0 704 ) (-1024 218.442230 704 ) 
4 85 172 (-778.250061 0 4086.030029 ) (-1024 0 4086.030029 ) (-1024 0 768 ) (-778.250061 0 768 ) 
4 85 98 (-1024 0 768 ) (-1024 0 4086.030029 ) (-1024 218.444397 4086.030029 ) (-1024 218.444397 768 ) 
3 85 88 (-945.674683 148.823563 768 ) (-778.247925 0 768 ) (-960 0 768 ) 
3 85 87 (-977.005981 176.673538 768 ) (-945.674683 148.823563 768 ) (-960 0 768 ) 
4 85 86 (-1024 218.445953 768 ) (-977.005981 176.673538 768 ) (-960 0 768 ) (-1024 0 768 ) 
4 86 173 (-1024 0 768 ) (-1024 0 704 ) (-960 0 704 ) (-960 0 768 ) 
4 86 98 (-1024 0 704 ) (-1024 0 768 ) (-1024 218.444397 768 ) (-1024 218.444397 704 ) 
4 86 87 (-960 0 704 ) (-977.005859 176.671875 704 ) (-977.005859 176.671875 768 ) (-960 0 768 ) 
4 86 89 (-1024 218.445953 704 ) (-977.005981 176.673538 704 ) (-960 0 704 ) (-1024 0 704 ) 
3 87 89 (-977.005981 176.673538 704 ) (-945.674683 148.823563 704 ) (-960 0 704 ) 
4 87 88 (-960 -0.001976 768 ) (-960 -0.001974 704 ) (-945.674927 148.822144 704 ) (-945.674805 148.824219 768 ) 
4 88 174 (-960 0 704 ) (-778.250061 0 704 ) (-778.250061 0 768 ) (-960 0 768 ) 
3 88 89 (-945.674683 148.823563 704 ) (-778.247925 0 704 ) (-960 0 704 ) 
4 89 175 (-1024 0 704 ) (-1024 0 -1018.030029 ) (-778.250061 0 -1018.030029 ) (-778.250061 0 704 ) 
4 89 98 (-1024 0 -1018.030029 ) (-1024 0 704 ) (-1024 218.444397 704 ) (-1024 218.444397 -1018.030029 ) 
4 90 98 (-1024 1024 4086.030029 ) (-1024 1024 768 ) (-1024 617.531921 768 ) (-1024 617.531921 4086.030029 ) 
7 90 96 (0 508.593750 768 ) (-752.632507 588.661011 768 ) (-679 679 768 ) (-533 798 768 ) (-367 887 768 ) (-187 942 768 ) (0 960 768 ) 
3 90 95 (-187 942 768 ) (0 999.138916 768 ) (0 960 768 ) 
4 90 94 (-367 887 768 ) (-111.471985 1024 768 ) (0 1024 768 ) (0 999.138916 768 ) 
3 90 93 (-533 798 768 ) (-255.722656 1024 768 ) (-111.471985 1024 768 ) 
3 90 92 (-679 679 768 ) (-397.801331 1024 768 ) (-255.722656 1024 768 ) 
4 90 91 (-752.632507 588.661011 768 ) (-1024 617.529907 768 ) (-1024 1024 768 ) (-397.801331 1024 768 ) 
4 91 98 (-1024 1024 768 ) (-1024 1024 704 ) (-1024 617.531921 704 ) (-1024 617.531921 768 ) 
4 91 96 (-752.632813 588.660156 704 ) (-678.998901 679 704 ) (-678.997192 679.002319 768 ) (-752.628906 588.664063 768 ) 
4 91 92 (-678.998901 679 704 ) (-397.800995 1024 704 ) (-397.800781 1024 768 ) (-678.997192 679.002319 768 ) 
4 91 97 (-752.632507 588.660950 704 ) (-1024 617.529785 704 ) (-1024 1024 704 ) (-397.801331 1024 704 ) 
4 92 96 (-679.007813 678.992188 768 ) (-679.007813 678.992188 704 ) (-532.994812 798.002808 704 ) (-532.994446 798.002991 768 ) 
4 92 93 (-532.994812 798.002808 704 ) (-255.721008 1024 704 ) (-255.720627 1024 768 ) (-532.994446 798.002991 768 ) 
3 92 97 (-679 679 704 ) (-397.801331 1024 704 ) (-255.722656 1024 704 ) 
4 93 96 (-533.001953 797.997070 768 ) (-533.001953 797.997070 704 ) (-366.991760 887.002563 704 ) (-366.992096 887.002441 768 ) 
4 93 94 (-366.991760 887.002563 704 ) (-111.468384 1024 704 ) (-111.468750 1024 768 ) (-366.992096 887.002441 768 ) 
3 93 97 (-533 798 704 ) (-255.722656 1024 704 ) (-111.471985 1024 704 ) 
4 94 96 (-367.001984 886.998047 768 ) (-367.001984 886.998047 704 ) (-186.993729 942 704 ) (-186.996307 942 768 ) 
4 94 95 (-186.993729 942 704 ) (0 999.137573 704 ) (0 999.138672 768 ) (-186.996307 942 768 ) 
4 94 97 (-367 887 704 ) (-111.471985 1024 704 ) (0 1024 704 ) (0 999.138916 704 ) 
3 95 97 (-187 942 704 ) (0 999.138916 704 ) (0 960 704 ) 
4 95 96 (-187.001923 942 768 ) (-187.001923 942 704 ) (0 960 704 ) (0 960 768 ) 
7 96 97 (0 508.593750 704 ) (-752.632507 588.660950 704 ) (-679 679 704 ) (-533 798 704 ) (-367 887 704 ) (-187 942 704 ) (0 960 704 ) 
4 97 98 (-1024 1024 704 ) (-1024 1024 -1018.030029 ) (-1024 617.531921 -1018.030029 ) (-1024 617.531921 704 ) 
4 98 216 (-1024 0 -1018.030029 ) (-1024 0 4086.030029 ) (-2048 0 4086.030029 ) (-2048 0 -1018.030029 ) 
4 99 157 (2048 -1024 -1018.030029 ) (2048 -1024 4086.030029 ) (1024 -1024 4086.030029 ) (1024 -1024 -1018.030029 ) 
4 99 152 (1024 0 768 ) (1024 0 704 ) (1024 -275.333313 704 ) (1024 -275.333313 768 ) 
4 99 151 (1024 0 4086.030029 ) (1024 0 768 ) (1024 -275.333313 768 ) (1024 -275.333313 4086.030029 ) 
4 99 156 (1024 0 704 ) (1024 0 -1018.030029 ) (1024 -275.333313 -1018.030029 ) (1024 -275.333313 704 ) 
4 99 147 (1024 -570.100098 704 ) (1024 -570.100098 768 ) (1024 -275.333313 768 ) (1024 -275.333313 704 ) 
4 99 146 (1024 -570.100098 768 ) (1024 -570.100098 4086.030029 ) (1024 -275.333313 4086.030029 ) (1024 -275.333313 768 ) 
4 99 150 (1024 -275.333313 -1018.030029 ) (1024 -570.100098 -1018.030029 ) (1024 -570.100098 704 ) (1024 -275.333313 704 ) 
4 99 142 (1024 -1024 704 ) (1024 -1024 768 ) (1024 -570.100098 768 ) (1024 -570.100098 704 ) 
4 99 141 (1024 -1024 768 ) (1024 -1024 4086.030029 ) (1024 -570.100098 4086.030029 ) (1024 -570.100098 768 ) 
4 99 145 (1024 -570.100098 -1018.030029 ) (1024 -1024 -1018.030029 ) (1024 -1024 704 ) (1024 -570.100098 704 ) 
4 100 159 (0 0 4086.030029 ) (0 0 -1018.030029 ) (0 -508.595764 -1018.030029 ) (0 -508.595764 4086.030029 ) 
4 100 129 (448 0 704 ) (448 0 768 ) (439 -100 768 ) (439 -100 704 ) 
4 100 127 (448 0 768 ) (448 0 4086.030029 ) (439 -100 4086.030029 ) (439 -100 768 ) 
4 100 130 (439 -100 -1018.030029 ) (448 0 -1018.030029 ) (448 0 704 ) (439 -100 704 ) 
4 100 125 (438.998718 -100.006493 704 ) (438.998749 -100.006447 768 ) (411.001495 -195.996994 768 ) (411.001465 -195.997040 704 ) 
4 100 122 (438.998749 -100.006447 768 ) (439 -100.003906 4086.030029 ) (411.002747 -195.994476 4086.030029 ) (411.001495 -195.996994 768 ) 
4 100 126 (411 -195.998352 -1018.030029 ) (438.998047 -100.007813 -1018.030029 ) (438.998718 -100.006493 704 ) (411.001465 -195.997040 704 ) 
4 100 120 (411.001007 -195.998032 704 ) (411.001007 -195.998032 768 ) (367 -284 768 ) (367 -284 704 ) 
4 100 117 (411.001007 -195.998032 768 ) (411.001038 -195.997925 4086.030029 ) (367 -284 4086.030029 ) (367 -284 768 ) 
4 100 121 (367 -284 -1018.030029 ) (411 -195.998077 -1018.030029 ) (411.001007 -195.998032 704 ) (367 -284 704 ) 
4 100 115 (366.998016 -284.001984 704 ) (366.998016 -284.001984 768 ) (307 -362 768 ) (307 -362 704 ) 
4 100 113 (366.998016 -284.001984 768 ) (366.997925 -284.002075 4086.030029 ) (306.998413 -362.001434 4086.030029 ) (307 -362 768 ) 
4 100 116 (307 -362 -1018.030029 ) (366.998077 -284.001923 -1018.030029 ) (366.998016 -284.001984 704 ) (307 -362 704 ) 
4 100 111 (307.015625 -361.984375 704 ) (307.015625 -361.984375 768 ) (234.994385 -426.003174 768 ) (234.994385 -426.003174 704 ) 
4 100 110 (307.015625 -361.984375 768 ) (307.015625 -361.984375 4086.030029 ) (234.994598 -426.003082 4086.030029 ) (234.994385 -426.003174 768 ) 
4 100 112 (234.994278 -426.003235 -1018.030029 ) (307.015625 -361.984375 -1018.030029 ) (307.015625 -361.984375 704 ) (234.994385 -426.003174 704 ) 
4 100 108 (235.001968 -425.998993 704 ) (235.001968 -425.998993 768 ) (151.998596 -473 768 ) (151.998550 -473 704 ) 
4 100 107 (235.001968 -425.998993 768 ) (235.002075 -425.998962 4086.030029 ) (152 -473 4086.030029 ) (151.998596 -473 768 ) 
4 100 109 (151.997513 -473 -1018.030029 ) (235.001923 -426 -1018.030029 ) (235.001968 -425.998993 704 ) (151.998550 -473 704 ) 
4 100 105 (152.005875 -472.998993 704 ) (152.005875 -472.998993 768 ) (62 -502 768 ) (62 -502 704 ) 
4 100 104 (152.005875 -472.998993 768 ) (152.005981 -472.998962 4086.030029 ) (62.004051 -502 4086.030029 ) (62 -502 768 ) 
4 100 106 (61.998383 -502 -1018.030029 ) (152.005829 -473 -1018.030029 ) (152.005875 -472.998993 704 ) (62 -502 704 ) 
4 100 102 (61.994160 -502 704 ) (61.994164 -502 768 ) (0 -508.595764 768 ) (0 -508.595764 704 ) 
4 100 101 (61.994164 -502 768 ) (61.994263 -502 4086.030029 ) (0 -508.595856 4086.030029 ) (0 -508.595764 768 ) 
4 100 103 (0 -508.595703 -1018.030029 ) (61.994110 -502 -1018.030029 ) (61.994160 -502 704 ) (0 -508.595764 704 ) 
4 101 191 (0 -521.977783 768 ) (0 -521.977783 4086.030029 ) (0 -508.595764 4086.030029 ) (0 -508.595764 768 ) 
4 101 104 (62 -502 768 ) (62.004051 -502 4086.030029 ) (0 -521.978638 4086.030029 ) (0 -521.977234 768 ) 
3 101 102 (0 -508.597656 768 ) (61.984375 -502.003418 768 ) (0 -521.976135 768 ) 
4 102 194 (0 -521.977783 704 ) (0 -521.977783 768 ) (0 -508.595764 768 ) (0 -508.595764 704 ) 
4 102 105 (62 -502 704 ) (62 -502 768 ) (0 -521.977234 768 ) (0 -521.977234 704 ) 
3 102 103 (0 -508.597656 704 ) (61.984375 -502.003418 704 ) (0 -521.976135 704 ) 
4 103 195 (0 -508.595764 -1018.030029 ) (0 -521.977783 -1018.030029 ) (0 -521.977783 704 ) (0 -508.595764 704 ) 
4 103 106 (0 -521.976563 -1018.030029 ) (61.998383 -502 -1018.030029 ) (62 -502 704 ) (0 -521.977234 704 ) 
4 104 196 (0 -559.072327 768 ) (0 -559.072327 4086.030029 ) (0 -521.977783 4086.030029 ) (0 -521.977783 768 ) 
4 104 107 (151.998596 -473 768 ) (152 -473 4086.030029 ) (0 -559.072449 4086.030029 ) (0 -559.071045 768 ) 
3 104 105 (0 -521.976563 768 ) (152.007813 -472.996094 768 ) (0 -559.072815 768 ) 
4 105 199 (0 -559.072327 704 ) (0 -559.072327 768 ) (0 -521.977783 768 ) (0 -521.977783 704 ) 
4 105 108 (151.998550 -473 704 ) (151.998596 -473 768 ) (0 -559.071045 768 ) (0 -559.071045 704 ) 
3 105 106 (0 -521.976563 704 ) (152.007813 -472.996094 704 ) (0 -559.072815 704 ) 
4 106 200 (0 -521.977783 -1018.030029 ) (0 -559.072327 -1018.030029 ) (0 -559.072327 704 ) (0 -521.977783 704 ) 
4 106 109 (0 -559.070313 -1018.030029 ) (151.997513 -473 -1018.030029 ) (151.998550 -473 704 ) (0 -559.071045 704 ) 
4 107 201 (0 -634.888916 768 ) (0 -634.888916 4086.030029 ) (0 -559.072327 4086.030029 ) (0 -559.072327 768 ) 
4 107 110 (234.994385 -426.003174 768 ) (234.994598 -426.003082 4086.030029 ) (0 -634.887146 4086.030029 ) (0 -634.886841 768 ) 
3 107 108 (0 -559.066406 768 ) (235 -425.996094 768 ) (0 -634.885010 768 ) 
4 108 204 (0 -634.888916 704 ) (0 -634.888916 768 ) (0 -559.072327 768 ) (0 -559.072327 704 ) 
4 108 111 (234.994385 -426.003174 704 ) (234.994385 -426.003174 768 ) (0 -634.886841 768 ) (0 -634.886841 704 ) 
3 108 109 (0 -559.066406 704 ) (235 -425.996094 704 ) (0 -634.885010 704 ) 
4 109 205 (0 -559.072327 -1018.030029 ) (0 -634.888916 -1018.030029 ) (0 -634.888916 704 ) (0 -559.072327 704 ) 
4 109 112 (0 -634.886719 -1018.030029 ) (234.994278 -426.003235 -1018.030029 ) (234.994385 -426.003174 704 ) (0 -634.886841 704 ) 
4 110 206 (0 -761.099976 768 ) (0 -761.099976 4086.030029 ) (0 -634.888916 4086.030029 ) (0 -634.888916 768 ) 
4 110 113 (307 -362 768 ) (306.998413 -362.001434 4086.030029 ) (0 -761.099365 4086.030029 ) (0 -761.100830 768 ) 
3 110 111 (0 -634.890625 768 ) (306.992188 -362.007813 768 ) (0 -761.097656 768 ) 
4 111 209 (0 -761.099976 704 ) (0 -761.099976 768 ) (0 -634.888916 768 ) (0 -634.888916 704 ) 
4 111 115 (307 -362 704 ) (307 -362 768 ) (0 -761.100830 768 ) (0 -761.100830 704 ) 
3 111 112 (0 -634.890625 704 ) (306.992188 -362.007813 704 ) (0 -761.097656 704 ) 
4 112 210 (0 -634.888916 -1018.030029 ) (0 -761.099976 -1018.030029 ) (0 -761.099976 704 ) (0 -634.888916 704 ) 
4 112 116 (0 -761.101563 -1018.030029 ) (307 -362 -1018.030029 ) (307 -362 704 ) (0 -761.100830 704 ) 
4 113 211 (0 -1018 768 ) (0 -1018 4086.030029 ) (0 -761.099976 4086.030029 ) (0 -761.099976 768 ) 
4 113 117 (367 -284 768 ) (367 -284 4086.030029 ) (0 -1018 4086.030029 ) (0 -1018 768 ) 
4 113 115 (0 -761.105469 768 ) (366.992188 -284.015625 768 ) (30.466339 -957.067383 768 ) (0 -960 768 ) 
3 113 114 (30.466339 -957.067383 768 ) (0 -1018 768 ) (0 -960 768 ) 
4 114 212 (0 -1018 704 ) (0 -1018 768 ) (0 -960 768 ) (0 -960 704 ) 
4 114 119 (30.466309 -957.067383 768 ) (11.131142 -995.737732 768 ) (11.131149 -995.737732 704 ) (30.466291 -957.067444 704 ) 
4 114 118 (11.131142 -995.737732 768 ) (0 -1018 768 ) (0 -1018 704 ) (11.131149 -995.737732 704 ) 
3 114 116 (30.466339 -957.067383 704 ) (0 -1018 704 ) (0 -960 704 ) 
4 114 115 (30.464844 -957.067383 704 ) (0 -960 704 ) (0 -960 768 ) (30.466049 -957.067810 768 ) 
4 115 214 (0 -960 768 ) (0 -761.099976 768 ) (0 -761.099976 704 ) (0 -960 704 ) 
4 115 120 (367 -284 704 ) (367 -284 768 ) (30.466309 -957.067383 768 ) (30.466291 -957.067444 704 ) 
4 115 116 (0 -761.105469 704 ) (366.992188 -284.015625 704 ) (30.466339 -957.067383 704 ) (0 -960 704 ) 
4 116 215 (0 -761.099976 -1018.030029 ) (0 -1018 -1018.030029 ) (0 -1018 704 ) (0 -761.099976 704 ) 
4 116 121 (0 -1018 -1018.030029 ) (367 -284 -1018.030029 ) (367 -284 704 ) (0 -1018 704 ) 
4 117 211 (0 -1024 768 ) (0 -1024 4086.030029 ) (0 -1018 4086.030029 ) (0 -1018 768 ) 
4 117 158 (169.500015 -1024 4086.030029 ) (0 -1024 4086.030029 ) (0 -1024 768 ) (169.500015 -1024 768 ) 
4 117 122 (411.001495 -195.996994 768 ) (411.002747 -195.994476 4086.030029 ) (169.501129 -1024 4086.030029 ) (169.500687 -1024 768 ) 
4 117 120 (30.462215 -957.067810 768 ) (411.005859 -195.980469 768 ) (194.044617 -939.847534 768 ) (187 -942 768 ) 
3 117 119 (11.126509 -995.739197 768 ) (30.462215 -957.067810 768 ) (187 -942 768 ) 
5 117 118 (0 -1017.992188 768 ) (11.126509 -995.739197 768 ) (194.044617 -939.847534 768 ) (169.500137 -1024 768 ) (0 -1024 768 ) 
4 118 212 (0 -1024 704 ) (0 -1024 768 ) (0 -1018 768 ) (0 -1018 704 ) 
4 118 158 (0 -1024 768 ) (0 -1024 704 ) (169.500015 -1024 704 ) (169.500015 -1024 768 ) 
4 118 124 (194.045197 -939.847351 768 ) (180.256958 -987.121338 768 ) (180.256958 -987.121277 704 ) (194.045181 -939.847412 704 ) 
4 118 123 (180.256958 -987.121338 768 ) (169.500687 -1024 768 ) (169.500671 -1024 704 ) (180.256958 -987.121277 704 ) 
4 118 120 (194.042969 -939.847656 704 ) (186.998367 -942 704 ) (186.993515 -942 768 ) (194.044891 -939.846069 768 ) 
4 118 119 (186.998367 -942 704 ) (11.128906 -995.738281 704 ) (11.125000 -995.738281 768 ) (186.993515 -942 768 ) 
5 118 121 (0 -1017.992188 704 ) (11.126509 -995.739197 704 ) (194.044601 -939.847534 704 ) (169.500122 -1024 704 ) (0 -1024 704 ) 
3 119 121 (11.126509 -995.739197 704 ) (30.462215 -957.067810 704 ) (187 -942 704 ) 
4 119 120 (187.001923 -942 768 ) (187.001923 -942 704 ) (30.466354 -957.067322 704 ) (30.464844 -957.066895 768 ) 
4 120 125 (411.001465 -195.997040 704 ) (411.001495 -195.996994 768 ) (194.045197 -939.847351 768 ) (194.045181 -939.847412 704 ) 
4 120 121 (30.462215 -957.067810 704 ) (411.005859 -195.980469 704 ) (194.044601 -939.847534 704 ) (187 -942 704 ) 
4 121 215 (0 -1018 -1018.030029 ) (0 -1024 -1018.030029 ) (0 -1024 704 ) (0 -1018 704 ) 
4 121 158 (0 -1024 704 ) (0 -1024 -1018.030029 ) (169.500015 -1024 -1018.030029 ) (169.500015 -1024 704 ) 
4 121 126 (169.500427 -1024 -1018.030029 ) (411 -195.998352 -1018.030029 ) (411.001465 -195.997040 704 ) (169.500671 -1024 704 ) 
4 122 158 (355.840027 -1024 768 ) (355.840027 -1024 4086.030029 ) (169.500015 -1024 4086.030029 ) (169.500015 -1024 768 ) 
4 122 127 (355.840179 -1024 4086.030029 ) (355.840179 -1024 768 ) (439 -100 768 ) (439 -100 4086.030029 ) 
4 122 125 (194.044495 -939.847534 768 ) (438.998047 -100.007813 768 ) (368.228088 -886.341614 768 ) (367 -887 768 ) 
3 122 124 (180.256180 -987.121704 768 ) (194.044495 -939.847534 768 ) (367 -887 768 ) 
4 122 123 (169.500000 -1024 768 ) (180.256180 -987.121704 768 ) (368.228088 -886.341614 768 ) (355.838837 -1024 768 ) 
4 123 158 (355.840027 -1024 704 ) (355.840027 -1024 768 ) (169.500015 -1024 768 ) (169.500015 -1024 704 ) 
4 123 128 (355.840179 -1024 768 ) (355.840179 -1024 704 ) (368.229492 -886.340881 704 ) (368.229492 -886.340820 768 ) 
4 123 125 (368.226563 -886.339844 704 ) (366.988861 -887.003418 704 ) (366.992554 -887.002319 768 ) (368.229462 -886.339172 768 ) 
4 123 124 (366.988861 -887.003418 704 ) (180.250000 -987.123047 704 ) (180.257813 -987.119141 768 ) (366.992554 -887.002319 768 ) 
4 123 126 (169.500000 -1024 704 ) (180.256180 -987.121704 704 ) (368.228088 -886.341614 704 ) (355.838837 -1024 704 ) 
3 124 126 (180.256180 -987.121704 704 ) (194.044495 -939.847534 704 ) (367 -887 704 ) 
4 124 125 (367.001984 -886.998047 768 ) (367.001984 -886.998047 704 ) (194.044937 -939.846008 704 ) (194.046875 -939.845703 768 ) 
4 125 129 (368.229492 -886.340881 704 ) (439 -100 704 ) (439 -100 768 ) (368.229492 -886.340820 768 ) 
4 125 126 (194.044495 -939.847534 704 ) (438.998047 -100.007813 704 ) (368.228088 -886.341614 704 ) (367 -887 704 ) 
4 126 158 (355.840027 -1024 -1018.030029 ) (355.840027 -1024 704 ) (169.500015 -1024 704 ) (169.500015 -1024 -1018.030029 ) 
4 126 130 (355.840179 -1024 704 ) (355.840179 -1024 -1018.030029 ) (439 -100 -1018.030029 ) (439 -100 704 ) 
4 127 158 (540.160034 -1024 4086.030029 ) (355.840027 -1024 4086.030029 ) (355.840027 -1024 768 ) (540.160034 -1024 768 ) 
4 127 131 (448 -0.002742 768 ) (448 0 4086.030029 ) (540.159851 -1024 4086.030029 ) (540.160034 -1024 768 ) 
3 127 129 (368.229187 -886.341003 768 ) (448 -0.010292 768 ) (520.424927 -804.742065 768 ) 
4 127 128 (355.839844 -1024 768 ) (368.229187 -886.341003 768 ) (520.424927 -804.742065 768 ) (540.158142 -1024 768 ) 
4 128 158 (355.840027 -1024 768 ) (355.840027 -1024 704 ) (540.160034 -1024 704 ) (540.160034 -1024 768 ) 
4 128 133 (520.426758 -804.741150 768 ) (520.720825 -808.008301 768 ) (520.720825 -808.008362 704 ) (520.426758 -804.741089 704 ) 
4 128 132 (520.720825 -808.008301 768 ) (540.160034 -1024 768 ) (540.160034 -1024 704 ) (520.720825 -808.008362 704 ) 
4 128 130 (355.839844 -1024 704 ) (368.229187 -886.341003 704 ) (520.424927 -804.742065 704 ) (540.158142 -1024 704 ) 
4 128 129 (520.425781 -804.740234 704 ) (368.229431 -886.339478 704 ) (368.230469 -886.339844 768 ) (520.429688 -804.738281 768 ) 
4 129 134 (448 -0.002784 704 ) (448 -0.002742 768 ) (520.426758 -804.741150 768 ) (520.426758 -804.741089 704 ) 
3 129 130 (368.229187 -886.341003 704 ) (448 -0.010292 704 ) (520.424927 -804.742065 704 ) 
4 130 158 (355.840027 -1024 704 ) (355.840027 -1024 -1018.030029 ) (540.160034 -1024 -1018.030029 ) (540.160034 -1024 704 ) 
4 130 135 (540.160156 -1024 -1018.030029 ) (448 -0.003906 -1018.030029 ) (448 -0.002784 704 ) (540.160034 -1024 704 ) 
4 131 158 (766.833374 -1024 4086.030029 ) (540.160034 -1024 4086.030029 ) (540.160034 -1024 768 ) (766.833374 -1024 768 ) 
4 131 136 (468.168640 0 768 ) (468.168610 0 4086.030029 ) (766.835266 -1024 4086.030029 ) (766.835693 -1024 768 ) 
5 131 134 (520.424561 -804.742249 768 ) (448 -0.011719 768 ) (468.167816 0 768 ) (668.666138 -687.422791 768 ) (533 -798 768 ) 
3 131 133 (520.718689 -808.010132 768 ) (520.424561 -804.742249 768 ) (533 -798 768 ) 
4 131 132 (540.157715 -1024 768 ) (520.718689 -808.010132 768 ) (668.666138 -687.422791 768 ) (766.834473 -1024 768 ) 
4 132 158 (540.160034 -1024 768 ) (540.160034 -1024 704 ) (766.833374 -1024 704 ) (766.833374 -1024 768 ) 
4 132 138 (668.666992 -687.422119 768 ) (669.581055 -690.556030 768 ) (669.581055 -690.556030 704 ) (668.666992 -687.422119 704 ) 
4 132 137 (669.581055 -690.556030 768 ) (766.835693 -1024 768 ) (766.835693 -1024 704 ) (669.581055 -690.556030 704 ) 
4 132 134 (668.664063 -687.425781 704 ) (533.005737 -797.996948 704 ) (533.005859 -797.996887 768 ) (668.665649 -687.424866 768 ) 
4 132 133 (533.005737 -797.996948 704 ) (520.718750 -808.011719 704 ) (520.718750 -808.011719 768 ) (533.005859 -797.996887 768 ) 
4 132 135 (540.157715 -1024 704 ) (520.718689 -808.010132 704 ) (668.666138 -687.422791 704 ) (766.834473 -1024 704 ) 
3 133 135 (520.718689 -808.010132 704 ) (520.424561 -804.742249 704 ) (533 -798 704 ) 
4 133 134 (533.001953 -797.997070 768 ) (533.001953 -797.997070 704 ) (520.426514 -804.739319 704 ) (520.425781 -804.740234 768 ) 
4 134 139 (468.168640 0 704 ) (468.168640 0 768 ) (668.666992 -687.422119 768 ) (668.666992 -687.422119 704 ) 
5 134 135 (520.424561 -804.742249 704 ) (448 -0.011719 704 ) (468.167816 0 704 ) (668.666138 -687.422791 704 ) (533 -798 704 ) 
4 135 158 (540.160034 -1024 704 ) (540.160034 -1024 -1018.030029 ) (766.833374 -1024 -1018.030029 ) (766.833374 -1024 704 ) 
4 135 140 (766.835938 -1024 -1018.030029 ) (468.168640 0 -1018.030029 ) (468.168640 0 704 ) (766.835693 -1024 704 ) 
4 136 158 (1021 -1024 4086.030029 ) (766.833374 -1024 4086.030029 ) (766.833374 -1024 768 ) (1021 -1024 768 ) 
4 136 141 (509 0 768 ) (509 0 4086.030029 ) (1021 -1024 4086.030029 ) (1021 -1024 768 ) 
5 136 139 (668.665527 -687.423279 768 ) (468.166687 0 768 ) (509.001953 0 768 ) (784.055908 -550.107849 768 ) (679 -679 768 ) 
3 136 138 (669.579712 -690.557556 768 ) (668.665527 -687.423279 768 ) (679 -679 768 ) 
4 136 137 (766.833984 -1024 768 ) (669.579712 -690.557556 768 ) (784.055908 -550.107849 768 ) (1021.001953 -1024 768 ) 
4 137 158 (766.833374 -1024 768 ) (766.833374 -1024 704 ) (1021 -1024 704 ) (1021 -1024 768 ) 
4 137 143 (784.054688 -550.109436 768 ) (786.357544 -554.715149 768 ) (786.357544 -554.715088 704 ) (784.054688 -550.109375 704 ) 
4 137 142 (786.357544 -554.715149 768 ) (1021 -1024 768 ) (1021 -1024 704 ) (786.357544 -554.715088 704 ) 
4 137 139 (784.054688 -550.109375 704 ) (678.991089 -679.007202 704 ) (679 -679 768 ) (784.054626 -550.109314 768 ) 
4 137 138 (678.991089 -679.007202 704 ) (669.582031 -690.550781 704 ) (669.582031 -690.554688 768 ) (679 -679 768 ) 
4 137 140 (766.832031 -1024 704 ) (669.578613 -690.559021 704 ) (784.055908 -550.107849 704 ) (1021.001953 -1024 704 ) 
3 138 140 (669.578613 -690.559021 704 ) (668.664307 -687.424255 704 ) (679 -679 704 ) 
4 138 139 (679.007813 -678.992188 768 ) (679.007813 -678.992188 704 ) (668.664856 -687.422363 704 ) (668.664063 -687.421875 768 ) 
4 139 144 (509 0 704 ) (509 0 768 ) (784.054688 -550.109436 768 ) (784.054688 -550.109375 704 ) 
5 139 140 (668.664307 -687.424255 704 ) (468.166016 0 704 ) (509.001953 0 704 ) (784.055908 -550.107849 704 ) (679 -679 704 ) 
4 140 158 (766.833374 -1024 704 ) (766.833374 -1024 -1018.030029 ) (1021 -1024 -1018.030029 ) (1021 -1024 704 ) 
4 140 145 (1021 -1024 -1018.030029 ) (509 0 -1018.030029 ) (509 0 704 ) (1021 -1024 704 ) 
4 141 158 (1024 -1024 768 ) (1024 -1024 4086.030029 ) (1021 -1024 4086.030029 ) (1021 -1024 768 ) 
4 141 146 (585.458008 0 768 ) (585.459717 0 4086.030029 ) (1024 -570.102295 4086.030029 ) (1024 -570.105042 768 ) 
5 141 144 (784.054688 -550.109375 768 ) (509 0 768 ) (585.461548 0 768 ) (879.101501 -381.731903 768 ) (798 -533 768 ) 
3 141 143 (786.357544 -554.715088 768 ) (784.054688 -550.109375 768 ) (798 -533 768 ) 
5 141 142 (1021 -1024 768 ) (786.357544 -554.715088 768 ) (879.101501 -381.731903 768 ) (1024 -570.099915 768 ) (1024 -1024 768 ) 
4 142 158 (1024 -1024 704 ) (1024 -1024 768 ) (1021 -1024 768 ) (1021 -1024 704 ) 
4 142 148 (879.099915 -381.734802 768 ) (881.531738 -384.896210 768 ) (881.531738 -384.896240 704 ) (879.099915 -381.734863 704 ) 
4 142 147 (881.531738 -384.896210 768 ) (1024 -570.105042 768 ) (1024 -570.105103 704 ) (881.531738 -384.896240 704 ) 
4 142 144 (879.101563 -381.730469 704 ) (797.997864 -533.002502 704 ) (797.993835 -533.007446 768 ) (879.101563 -381.730469 768 ) 
4 142 143 (797.997864 -533.002502 704 ) (786.357178 -554.714355 704 ) (786.357422 -554.710938 768 ) (797.993835 -533.007446 768 ) 
5 142 145 (1021 -1024 704 ) (786.357544 -554.715088 704 ) (879.101501 -381.731964 704 ) (1024 -570.099976 704 ) (1024 -1024 704 ) 
3 143 145 (786.357544 -554.715088 704 ) (784.054688 -550.109375 704 ) (798 -533 704 ) 
4 143 144 (798.003906 -532.992188 768 ) (798.003906 -532.992188 704 ) (784.053711 -550.107544 704 ) (784.054688 -550.109375 768 ) 
4 144 149 (585.457947 0 704 ) (585.458008 0 768 ) (879.099915 -381.734802 768 ) (879.099915 -381.734863 704 ) 
5 144 145 (784.054688 -550.109375 704 ) (509 0 704 ) (585.461548 0 704 ) (879.101501 -381.731964 704 ) (798 -533 704 ) 
4 145 158 (1024 -1024 -1018.030029 ) (1024 -1024 704 ) (1021 -1024 704 ) (1021 -1024 -1018.030029 ) 
4 145 150 (1024 -570.106506 -1018.030029 ) (585.457031 0 -1018.030029 ) (585.457947 0 704 ) (1024 -570.105103 704 ) 
4 146 151 (714.247864 0 768 ) (714.249023 0 4086.030029 ) (1024 -275.334229 4086.030029 ) (1024 -275.335327 768 ) 
5 146 149 (879.102417 -381.730133 768 ) (585.464844 0 768 ) (714.250061 0 768 ) (938.288879 -199.145599 768 ) (887 -367 768 ) 
3 146 148 (881.533508 -384.890564 768 ) (879.102417 -381.730133 768 ) (887 -367 768 ) 
4 146 147 (1024 -570.097656 768 ) (881.533508 -384.890564 768 ) (938.288879 -199.145599 768 ) (1024 -275.333252 768 ) 
4 147 154 (938.288391 -199.147202 768 ) (940.630371 -201.228943 768 ) (940.630371 -201.228958 704 ) (938.288391 -199.147217 704 ) 
4 147 153 (940.630371 -201.228943 768 ) (982.994324 -238.885834 768 ) (982.994324 -238.885849 704 ) (940.630371 -201.228958 704 ) 
4 147 152 (982.994324 -238.885834 768 ) (1024 -275.335327 768 ) (1024 -275.335358 704 ) (982.994324 -238.885849 704 ) 
4 147 149 (938.289063 -199.144531 704 ) (887 -367 704 ) (887 -367 768 ) (938.288696 -199.145477 768 ) 
4 147 148 (887 -367 704 ) (881.533203 -384.890625 704 ) (881.533203 -384.890625 768 ) (887 -367 768 ) 
4 147 150 (1024 -570.093750 704 ) (881.534241 -384.887939 704 ) (938.288879 -199.145615 704 ) (1024 -275.333282 704 ) 
3 148 150 (881.534241 -384.887939 704 ) (879.103577 -381.728088 704 ) (887 -367 704 ) 
4 148 149 (887 -367.001984 768 ) (887 -367.001984 704 ) (879.101563 -381.732056 704 ) (879.099609 -381.734375 768 ) 
4 149 155 (714.247864 0 704 ) (714.247864 0 768 ) (938.288391 -199.147202 768 ) (938.288391 -199.147217 704 ) 
5 149 150 (879.103577 -381.728088 704 ) (585.467041 0 704 ) (714.250061 0 704 ) (938.288879 -199.145615 704 ) (887 -367 704 ) 
4 150 156 (1024 -275.335938 -1018.030029 ) (714.247314 0 -1018.030029 ) (714.247864 0 704 ) (1024 -275.335358 704 ) 
4 151 155 (938.290100 -199.141617 768 ) (714.255615 0 768 ) (960 0 768 ) (942 -187 768 ) 
3 151 154 (940.630981 -201.222397 768 ) (938.290100 -199.141617 768 ) (942 -187 768 ) 
3 151 153 (982.993591 -238.878021 768 ) (940.630981 -201.222397 768 ) (960 0 768 ) 
4 151 152 (1024 -275.328125 768 ) (982.993591 -238.878021 768 ) (960 0 768 ) (1024 0 768 ) 
4 152 153 (960 0 704 ) (982.994141 -238.878906 704 ) (982.994141 -238.882813 768 ) (960 0 768 ) 
4 152 156 (1024 -275.332031 704 ) (982.993958 -238.881943 704 ) (960 0 704 ) (1024 0 704 ) 
4 153 155 (960 0.001976 768 ) (960 0.001974 704 ) (942 -187 704 ) (942 -187 768 ) 
4 153 154 (942 -187 704 ) (940.630615 -201.227188 704 ) (940.630859 -201.222656 768 ) (942 -187 768 ) 
3 153 156 (982.993958 -238.881943 704 ) (940.630737 -201.225418 704 ) (960 0 704 ) 
3 154 156 (940.630737 -201.225418 704 ) (938.289307 -199.144135 704 ) (942 -187 704 ) 
4 154 155 (942 -186.998016 768 ) (942 -186.998016 704 ) (938.289124 -199.145874 704 ) (938.289063 -199.144531 768 ) 
4 155 156 (938.289307 -199.144135 704 ) (714.253906 0 704 ) (960 0 704 ) (942 -187 704 ) 
4 157 158 (1024 -1024 4086.030029 ) (1024 -1024 -1018.030029 ) (1024 -2048 -1018.030029 ) (1024 -2048 4086.030029 ) 
4 158 217 (0 -2048 -1018.030029 ) (0 -2048 4086.030029 ) (0 -1024 4086.030029 ) (0 -1024 -1018.030029 ) 
4 159 194 (-32.001194 -512 768 ) (-32.001190 -512 704 ) (0 -508.595490 704 ) (0 -508.595490 768 ) 
4 159 191 (0 -508.595459 4086.030029 ) (-32.001366 -512 4086.030029 ) (-32.001194 -512 768 ) (0 -508.595490 768 ) 
4 159 195 (-32.001190 -512 704 ) (-32.001099 -512 -1018.030029 ) (0 -508.595520 -1018.030029 ) (0 -508.595490 704 ) 
4 159 189 (-31.996195 -512 704 ) (-31.996199 -512 768 ) (-126 -502 768 ) (-126 -502 704 ) 
4 159 186 (-31.996199 -512 768 ) (-31.996393 -512 4086.030029 ) (-126 -502 4086.030029 ) (-126 -502 768 ) 
4 159 190 (-126 -502 -1018.030029 ) (-31.996094 -512 -1018.030029 ) (-31.996195 -512 704 ) (-126 -502 704 ) 
4 159 184 (-125.990211 -502.002960 704 ) (-125.990211 -502.002960 768 ) (-216 -473 768 ) (-216 -473 704 ) 
4 159 181 (-125.990211 -502.002960 768 ) (-125.990112 -502.002991 4086.030029 ) (-216 -473 4086.030029 ) (-216 -473 768 ) 
4 159 185 (-216 -473 -1018.030029 ) (-125.990265 -502.002930 -1018.030029 ) (-125.990211 -502.002960 704 ) (-216 -473 704 ) 
4 159 179 (-215.998032 -473 704 ) (-215.998032 -473 768 ) (-299.003448 -425.996948 768 ) (-299.003448 -425.996948 704 ) 
4 159 176 (-215.998032 -473 768 ) (-215.997925 -473 4086.030029 ) (-299.003662 -425.996735 4086.030029 ) (-299.003448 -425.996948 768 ) 
4 159 180 (-299.003357 -425.997040 -1018.030029 ) (-215.998077 -473 -1018.030029 ) (-215.998032 -473 704 ) (-299.003448 -425.996948 704 ) 
4 159 174 (-299.003906 -425.996094 704 ) (-299.003906 -425.996094 768 ) (-371.001068 -361.998657 768 ) (-371.001068 -361.998657 704 ) 
4 159 172 (-299.003906 -425.996094 768 ) (-299.003906 -425.996094 4086.030029 ) (-371.001160 -361.998535 4086.030029 ) (-371.001068 -361.998657 768 ) 
4 159 175 (-371.001007 -361.998718 -1018.030029 ) (-299.003906 -425.996094 -1018.030029 ) (-299.003906 -425.996094 704 ) (-371.001068 -361.998657 704 ) 
4 159 170 (-371.005829 -361.996094 704 ) (-371.005829 -361.996094 768 ) (-430.993683 -284.012695 768 ) (-430.993652 -284.012756 704 ) 
4 159 169 (-371.005829 -361.996094 768 ) (-371.005737 -361.996094 4086.030029 ) (-430.994965 -284.010101 4086.030029 ) (-430.993683 -284.012695 768 ) 
4 159 171 (-430.992981 -284.014099 -1018.030029 ) (-371.005890 -361.996094 -1018.030029 ) (-371.005829 -361.996094 704 ) (-430.993652 -284.012756 704 ) 
4 159 167 (-431 -283.998077 704 ) (-431 -283.998077 768 ) (-475 -196 768 ) (-475 -196 704 ) 
4 159 166 (-431 -283.998077 768 ) (-431 -283.998169 4086.030029 ) (-475 -196 4086.030029 ) (-475 -196 768 ) 
4 159 168 (-475 -196 -1018.030029 ) (-431 -283.998016 -1018.030029 ) (-431 -283.998077 704 ) (-475 -196 704 ) 
4 159 164 (-475.001953 -195.994125 704 ) (-475.001953 -195.994125 768 ) (-503 -100.002838 768 ) (-503 -100.002876 704 ) 
4 159 163 (-475.001953 -195.994125 768 ) (-475.001953 -195.994019 4086.030029 ) (-503 -100 4086.030029 ) (-503 -100.002838 768 ) 
4 159 165 (-503 -100.003838 -1018.030029 ) (-475.001953 -195.994171 -1018.030029 ) (-475.001953 -195.994125 704 ) (-503 -100.002876 704 ) 
4 159 161 (-503 -99.998024 704 ) (-503 -99.998024 768 ) (-512 0 768 ) (-512 0 704 ) 
4 159 160 (-503 -99.998024 768 ) (-503 -99.997925 4086.030029 ) (-512 0 4086.030029 ) (-512 0 768 ) 
4 159 162 (-512 0 -1018.030029 ) (-503 -99.998077 -1018.030029 ) (-503 -99.998024 704 ) (-512 0 704 ) 
4 160 163 (-503 -100.002838 768 ) (-503 -100 4086.030029 ) (-532.166870 0 4086.030029 ) (-532.167603 0 768 ) 
3 160 161 (-511.998047 0 768 ) (-502.996582 -100.015625 768 ) (-532.167786 0 768 ) 
4 161 164 (-503 -100.002876 704 ) (-503 -100.002838 768 ) (-532.167603 0 768 ) (-532.167603 0 704 ) 
3 161 162 (-511.998047 0 704 ) (-502.996582 -100.015625 704 ) (-532.167786 0 704 ) 
4 162 165 (-532.167969 0 -1018.030029 ) (-503 -100.003838 -1018.030029 ) (-503 -100.002876 704 ) (-532.167603 0 704 ) 
4 163 166 (-475 -196 768 ) (-475 -196 4086.030029 ) (-573 0 4086.030029 ) (-573 0 768 ) 
3 163 164 (-532.166016 0 768 ) (-474.998047 -196.007813 768 ) (-573.001953 0 768 ) 
4 164 167 (-475 -196 704 ) (-475 -196 768 ) (-573 0 768 ) (-573 0 704 ) 
3 164 165 (-532.166016 0 704 ) (-474.998047 -196.007813 704 ) (-573.001953 0 704 ) 
4 165 168 (-573 0 -1018.030029 ) (-475 -196 -1018.030029 ) (-475 -196 704 ) (-573 0 704 ) 
4 166 169 (-430.993683 -284.012695 768 ) (-430.994965 -284.010101 4086.030029 ) (-649.464294 0 4086.030029 ) (-649.467163 0 768 ) 
3 166 167 (-573 0 768 ) (-430.996094 -284.007813 768 ) (-649.463623 0 768 ) 
4 167 170 (-430.993652 -284.012756 704 ) (-430.993683 -284.012695 768 ) (-649.467163 0 768 ) (-649.467224 0 704 ) 
3 167 168 (-573 0 704 ) (-430.996094 -284.007813 704 ) (-649.463623 0 704 ) 
4 168 171 (-649.468750 0 -1018.030029 ) (-430.992981 -284.014099 -1018.030029 ) (-430.993652 -284.012756 704 ) (-649.467224 0 704 ) 
4 169 172 (-371.001068 -361.998657 768 ) (-371.001160 -361.998535 4086.030029 ) (-778.249512 0 4086.030029 ) (-778.249817 0 768 ) 
3 169 170 (-649.460938 0 768 ) (-371 -362 768 ) (-778.250000 0 768 ) 
4 170 174 (-371.001068 -361.998657 704 ) (-371.001068 -361.998657 768 ) (-778.249817 0 768 ) (-778.249817 0 704 ) 
3 170 171 (-649.460938 0 704 ) (-371 -362 704 ) (-778.250000 0 704 ) 
4 171 175 (-778.250000 0 -1018.030029 ) (-371.001007 -361.998718 -1018.030029 ) (-371.001068 -361.998657 704 ) (-778.249817 0 704 ) 
4 172 216 (-1024 0 4086.030029 ) (-1024 0 768 ) (-1024 -15.457850 768 ) (-1024 -15.457855 4086.030029 ) 
4 172 176 (-299.003448 -425.996948 768 ) (-299.003662 -425.996735 4086.030029 ) (-1024 -15.456696 4086.030029 ) (-1024 -15.456914 768 ) 
4 172 174 (-778.250000 0 768 ) (-298.996094 -426.003906 768 ) (-954.736572 -54.681061 768 ) (-960 0 768 ) 
4 172 173 (-954.736572 -54.681061 768 ) (-1024 -15.459595 768 ) (-1024 0 768 ) (-960 0 768 ) 
4 173 216 (-1024 0 768 ) (-1024 0 704 ) (-1024 -15.457850 704 ) (-1024 -15.457850 768 ) 
4 173 178 (-954.736938 -54.678192 768 ) (-988.226196 -35.714371 768 ) (-988.226196 -35.714371 704 ) (-954.736877 -54.678192 704 ) 
4 173 177 (-988.226196 -35.714371 768 ) (-1024 -15.456914 768 ) (-1024 -15.456918 704 ) (-988.226196 -35.714371 704 ) 
4 173 175 (-954.736572 -54.681061 704 ) (-1024 -15.459595 704 ) (-1024 0 704 ) (-960 0 704 ) 
4 173 174 (-954.736816 -54.679688 704 ) (-960 0 704 ) (-960 0 768 ) (-954.736755 -54.679230 768 ) 
4 174 179 (-299.003448 -425.996948 704 ) (-299.003448 -425.996948 768 ) (-954.736938 -54.678192 768 ) (-954.736877 -54.678192 704 ) 
4 174 175 (-778.249512 0 704 ) (-298.996094 -426.003906 704 ) (-954.736572 -54.681061 704 ) (-960 0 704 ) 
4 175 216 (-1024 0 704 ) (-1024 0 -1018.030029 ) (-1024 -15.457848 -1018.030029 ) (-1024 -15.457850 704 ) 
4 175 180 (-1024 -15.457031 -1018.030029 ) (-299.003357 -425.997040 -1018.030029 ) (-299.003448 -425.996948 704 ) (-1024 -15.456918 704 ) 
4 176 216 (-1024 -212.644470 768 ) (-1024 -212.644470 4086.030029 ) (-1024 -15.457855 4086.030029 ) (-1024 -15.457850 768 ) 
4 176 181 (-216 -473 768 ) (-216 -473 4086.030029 ) (-1024 -212.644257 4086.030029 ) (-1024 -212.645096 768 ) 
4 176 179 (-954.737244 -54.674320 768 ) (-215.980469 -473.007813 768 ) (-924.352844 -244.754471 768 ) (-942 -187 768 ) 
3 176 178 (-988.227539 -35.709869 768 ) (-954.737244 -54.674320 768 ) (-942 -187 768 ) 
4 176 177 (-1024 -15.453125 768 ) (-988.227539 -35.709869 768 ) (-924.352844 -244.754471 768 ) (-1024 -212.645935 768 ) 
4 177 216 (-1024 -212.644470 704 ) (-1024 -212.644470 768 ) (-1024 -15.457850 768 ) (-1024 -15.457850 704 ) 
4 177 183 (-924.353088 -244.753448 768 ) (-958.428650 -233.773575 768 ) (-958.428711 -233.773575 704 ) (-924.353149 -244.753448 704 ) 
4 177 182 (-958.428650 -233.773575 768 ) (-1024 -212.645096 768 ) (-1024 -212.645111 704 ) (-958.428711 -233.773575 704 ) 
4 177 179 (-924.351563 -244.753906 704 ) (-942 -186.994324 704 ) (-942 -186.993317 768 ) (-924.351746 -244.753342 768 ) 
4 177 178 (-942 -186.994324 704 ) (-988.226563 -35.710938 704 ) (-988.224609 -35.714844 768 ) (-942 -186.993317 768 ) 
4 177 180 (-1024 -15.453125 704 ) (-988.227539 -35.709869 704 ) (-924.352844 -244.754471 704 ) (-1024 -212.645935 704 ) 
3 178 180 (-988.227539 -35.709869 704 ) (-954.737244 -54.674320 704 ) (-942 -187 704 ) 
4 178 179 (-942 -187.001923 768 ) (-942 -187.001923 704 ) (-954.736694 -54.679276 704 ) (-954.736328 -54.679688 768 ) 
4 179 184 (-216 -473 704 ) (-216 -473 768 ) (-924.353088 -244.753448 768 ) (-924.353149 -244.753448 704 ) 
4 179 180 (-954.737244 -54.674320 704 ) (-215.980469 -473.007813 704 ) (-924.352844 -244.754471 704 ) (-942 -187 704 ) 
4 180 216 (-1024 -15.457848 -1018.030029 ) (-1024 -212.644470 -1018.030029 ) (-1024 -212.644470 704 ) (-1024 -15.457850 704 ) 
4 180 185 (-1024 -212.645554 -1018.030029 ) (-216 -473 -1018.030029 ) (-216 -473 704 ) (-1024 -212.645111 704 ) 
4 181 216 (-1024 -406.468079 768 ) (-1024 -406.468079 4086.030029 ) (-1024 -212.644470 4086.030029 ) (-1024 -212.644470 768 ) 
4 181 186 (-126 -502 768 ) (-126 -502 4086.030029 ) (-1024 -406.468140 4086.030029 ) (-1024 -406.468231 768 ) 
4 181 184 (-924.352661 -244.755127 768 ) (-126.007813 -502 768 ) (-856.272400 -424.312286 768 ) (-887 -367 768 ) 
3 181 183 (-958.427673 -233.775375 768 ) (-924.352661 -244.755127 768 ) (-887 -367 768 ) 
4 181 182 (-1024 -212.646484 768 ) (-958.427673 -233.775375 768 ) (-856.272400 -424.312286 768 ) (-1024 -406.468933 768 ) 
4 182 216 (-1024 -406.468079 704 ) (-1024 -406.468079 768 ) (-1024 -212.644470 768 ) (-1024 -212.644470 704 ) 
4 182 188 (-856.272705 -424.311554 768 ) (-889.466675 -420.780273 768 ) (-889.466675 -420.780273 704 ) (-856.272705 -424.311554 704 ) 
4 182 187 (-889.466675 -420.780273 768 ) (-1024 -406.468231 768 ) (-1024 -406.468231 704 ) (-889.466675 -420.780273 704 ) 
4 182 184 (-856.271484 -424.312500 704 ) (-887.001099 -366.996552 704 ) (-887.001343 -366.995667 768 ) (-856.271790 -424.311523 768 ) 
4 182 183 (-887.001099 -366.996552 704 ) (-958.425781 -233.777344 704 ) (-958.427734 -233.773438 768 ) (-887.001343 -366.995667 768 ) 
4 182 185 (-1024 -212.646484 704 ) (-958.427673 -233.775375 704 ) (-856.272400 -424.312286 704 ) (-1024 -406.468933 704 ) 
3 183 185 (-958.427673 -233.775375 704 ) (-924.352661 -244.755127 704 ) (-887 -367 704 ) 
4 183 184 (-886.998047 -367.001984 768 ) (-886.998047 -367.001984 704 ) (-924.351807 -244.753326 704 ) (-924.353516 -244.753906 768 ) 
4 184 189 (-126 -502 704 ) (-126 -502 768 ) (-856.272705 -424.311554 768 ) (-856.272705 -424.311554 704 ) 
4 184 185 (-924.352661 -244.755127 704 ) (-126.007813 -502 704 ) (-856.272400 -424.312286 704 ) (-887 -367 704 ) 
4 185 216 (-1024 -212.644470 -1018.030029 ) (-1024 -406.468079 -1018.030029 ) (-1024 -406.468079 704 ) (-1024 -212.644470 704 ) 
4 185 190 (-1024 -406.468262 -1018.030029 ) (-126 -502 -1018.030029 ) (-126 -502 704 ) (-1024 -406.468231 704 ) 
4 186 216 (-1024 -617.531921 768 ) (-1024 -617.531860 4086.030029 ) (-1024 -406.468079 4086.030029 ) (-1024 -406.468079 768 ) 
4 186 191 (-32.001366 -512 4086.030029 ) (-1024 -617.531738 4086.030029 ) (-1024 -617.531799 768 ) (-32.001194 -512 768 ) 
4 186 189 (-856.271729 -424.313599 768 ) (-32.003906 -512.001465 768 ) (-752.630066 -588.663879 768 ) (-798 -533 768 ) 
3 186 188 (-889.465027 -420.782410 768 ) (-856.271729 -424.313599 768 ) (-798 -533 768 ) 
4 186 187 (-1024 -406.470215 768 ) (-889.465027 -420.782410 768 ) (-752.630066 -588.663879 768 ) (-1024 -617.533020 768 ) 
4 187 216 (-1024 -617.531921 704 ) (-1024 -617.531921 768 ) (-1024 -406.468079 768 ) (-1024 -406.468079 704 ) 
4 187 193 (-785.538757 -592.163513 704 ) (-752.631104 -588.662720 704 ) (-752.631104 -588.662720 768 ) (-785.538757 -592.163513 768 ) 
4 187 192 (-1024 -617.531799 768 ) (-1024 -617.531799 704 ) (-785.538757 -592.163513 704 ) (-785.538757 -592.163513 768 ) 
4 187 189 (-752.628906 -588.660156 704 ) (-798.006287 -532.988342 704 ) (-798.002319 -532.995728 768 ) (-752.629883 -588.662720 768 ) 
4 187 188 (-798.006287 -532.988342 704 ) (-889.464844 -420.781250 704 ) (-889.464844 -420.781250 768 ) (-798.002319 -532.995728 768 ) 
4 187 190 (-1024 -406.470215 704 ) (-889.465027 -420.782410 704 ) (-752.630066 -588.663879 704 ) (-1024 -617.533020 704 ) 
3 188 190 (-889.465027 -420.782410 704 ) (-856.271729 -424.313599 704 ) (-798 -533 704 ) 
4 188 189 (-797.997070 -533.001953 768 ) (-797.997070 -533.001953 704 ) (-856.270813 -424.311584 704 ) (-856.269531 -424.316406 768 ) 
4 189 194 (-752.631104 -588.662720 704 ) (-32.001190 -512 704 ) (-32.001194 -512 768 ) (-752.631104 -588.662720 768 ) 
4 189 190 (-856.271729 -424.313599 704 ) (-32.003906 -512.001465 704 ) (-752.630066 -588.663879 704 ) (-798 -533 704 ) 
4 190 216 (-1024 -406.468079 -1018.030029 ) (-1024 -617.531921 -1018.030029 ) (-1024 -617.531921 704 ) (-1024 -406.468079 704 ) 
4 190 195 (-1024 -617.531799 704 ) (-1024 -617.531799 -1018.030029 ) (-32.001099 -512 -1018.030029 ) (-32.001190 -512 704 ) 
4 191 216 (-1024 -851.933289 4086.030029 ) (-1024 -617.531860 4086.030029 ) (-1024 -617.531921 768 ) (-1024 -851.933289 768 ) 
4 191 196 (0 -521.977112 768 ) (0 -521.977173 4086.030029 ) (-1024 -851.932739 4086.030029 ) (-1024 -851.932007 768 ) 
5 191 194 (0 -521.976379 768 ) (-624.690796 -723.265686 768 ) (-679 -679 768 ) (-752.631287 -588.662415 768 ) (0 -508.595703 768 ) 
3 191 193 (-679 -679 768 ) (-785.539185 -592.163208 768 ) (-752.631287 -588.662415 768 ) 
4 191 192 (-624.690796 -723.265686 768 ) (-1024 -851.932007 768 ) (-1024 -617.531250 768 ) (-785.539185 -592.163208 768 ) 
4 192 216 (-1024 -617.531921 768 ) (-1024 -617.531921 704 ) (-1024 -851.933289 704 ) (-1024 -851.933289 768 ) 
4 192 198 (-624.690552 -723.265869 768 ) (-654.485168 -732.866333 768 ) (-654.485229 -732.866333 704 ) (-624.690552 -723.265869 704 ) 
4 192 197 (-654.485168 -732.866333 768 ) (-1024 -851.932007 768 ) (-1024 -851.932007 704 ) (-654.485229 -732.866333 704 ) 
4 192 194 (-624.687500 -723.265625 704 ) (-679.006653 -678.991760 704 ) (-679.006958 -678.991394 768 ) (-624.687500 -723.265625 768 ) 
4 192 193 (-679.006653 -678.991760 704 ) (-785.535645 -592.163391 704 ) (-785.539063 -592.160156 768 ) (-679.006958 -678.991394 768 ) 
4 192 195 (-624.690857 -723.265625 704 ) (-1024 -851.931885 704 ) (-1024 -617.531250 704 ) (-785.539307 -592.163147 704 ) 
3 193 195 (-679 -679 704 ) (-785.539307 -592.163147 704 ) (-752.631348 -588.662292 704 ) 
4 193 194 (-678.992188 -679.007813 768 ) (-678.992188 -679.007813 704 ) (-752.629639 -588.662720 704 ) (-752.632813 -588.660156 768 ) 
4 194 199 (0 -521.977112 704 ) (0 -521.977112 768 ) (-624.690552 -723.265869 768 ) (-624.690552 -723.265869 704 ) 
5 194 195 (0 -521.976379 704 ) (-624.690857 -723.265625 704 ) (-679 -679 704 ) (-752.631348 -588.662292 704 ) (0 -508.595215 704 ) 
4 195 216 (-1024 -617.531921 704 ) (-1024 -617.531921 -1018.030029 ) (-1024 -851.933289 -1018.030029 ) (-1024 -851.933289 704 ) 
4 195 200 (-1024 -851.931641 -1018.030029 ) (0 -521.977051 -1018.030029 ) (0 -521.977112 704 ) (-1024 -851.932007 704 ) 
4 196 217 (-821.042603 -1024 4086.030029 ) (-1024 -1024 4086.030029 ) (-1024 -1024 768 ) (-821.042542 -1024 768 ) 
4 196 216 (-1024 -1024 768 ) (-1024 -1024 4086.030029 ) (-1024 -851.933289 4086.030029 ) (-1024 -851.933289 768 ) 
4 196 201 (0 -559.071899 768 ) (0 -559.071960 4086.030029 ) (-821.043152 -1024 4086.030029 ) (-821.043030 -1024 768 ) 
5 196 199 (-624.692383 -723.264343 768 ) (0 -521.975220 768 ) (0 -559.072815 768 ) (-475.950287 -828.586792 768 ) (-533 -798 768 ) 
3 196 198 (-654.487671 -732.864990 768 ) (-624.692383 -723.264343 768 ) (-533 -798 768 ) 
5 196 197 (-1024 -851.929688 768 ) (-654.487671 -732.864990 768 ) (-475.950287 -828.586792 768 ) (-821.041626 -1024 768 ) (-1024 -1024 768 ) 
4 197 217 (-1024 -1024 768 ) (-1024 -1024 704 ) (-821.042542 -1024 704 ) (-821.042542 -1024 768 ) 
4 197 216 (-1024 -1024 704 ) (-1024 -1024 768 ) (-1024 -851.933289 768 ) (-1024 -851.933289 704 ) 
4 197 203 (-475.951111 -828.586426 768 ) (-504.767822 -844.904297 768 ) (-504.767822 -844.904297 704 ) (-475.951111 -828.586426 704 ) 
4 197 202 (-504.767822 -844.904297 768 ) (-821.043030 -1024 768 ) (-821.043030 -1024 704 ) (-504.767822 -844.904297 704 ) 
4 197 199 (-475.949219 -828.585938 704 ) (-533.005493 -797.995544 704 ) (-533 -798 768 ) (-475.951050 -828.586731 768 ) 
4 197 198 (-533.005493 -797.995544 704 ) (-654.484375 -732.865234 704 ) (-654.480469 -732.869141 768 ) (-533 -798 768 ) 
5 197 200 (-1024 -851.930786 704 ) (-654.486816 -732.865417 704 ) (-475.950287 -828.586792 704 ) (-821.041626 -1024 704 ) (-1024 -1024 704 ) 
3 198 200 (-654.486816 -732.865417 704 ) (-624.691833 -723.264832 704 ) (-533 -798 704 ) 
4 198 199 (-532.992188 -798.003906 768 ) (-532.992188 -798.003906 704 ) (-624.687439 -723.265991 704 ) (-624.687500 -723.265625 768 ) 
4 199 204 (0 -559.071899 704 ) (0 -559.071899 768 ) (-475.951111 -828.586426 768 ) (-475.951111 -828.586426 704 ) 
5 199 200 (-624.691833 -723.264832 704 ) (0 -521.975220 704 ) (0 -559.072815 704 ) (-475.950287 -828.586792 704 ) (-533 -798 704 ) 
4 200 217 (-1024 -1024 704 ) (-1024 -1024 -1018.030029 ) (-821.042542 -1024 -1018.030029 ) (-821.042542 -1024 704 ) 
4 200 216 (-1024 -1024 -1018.030029 ) (-1024 -1024 704 ) (-1024 -851.933289 704 ) (-1024 -851.933289 -1018.030029 ) 
4 200 205 (-821.042969 -1024 -1018.030029 ) (0 -559.071899 -1018.030029 ) (0 -559.071899 704 ) (-821.043030 -1024 704 ) 
4 201 217 (-437.749969 -1024 4086.030029 ) (-821.042603 -1024 4086.030029 ) (-821.042542 -1024 768 ) (-437.749939 -1024 768 ) 
4 201 206 (0 -634.887512 768 ) (0 -634.887573 4086.030029 ) (-437.751495 -1024 4086.030029 ) (-437.751648 -1024 768 ) 
5 201 204 (-475.953125 -828.585327 768 ) (0 -559.069519 768 ) (0 -634.885010 768 ) (-304.956726 -905.957642 768 ) (-367 -887 768 ) 
3 201 203 (-504.770386 -844.903564 768 ) (-475.953125 -828.585327 768 ) (-367 -887 768 ) 
4 201 202 (-821.046875 -1024 768 ) (-504.770386 -844.903564 768 ) (-304.956726 -905.957642 768 ) (-437.754364 -1024 768 ) 
4 202 217 (-821.042542 -1024 768 ) (-821.042542 -1024 704 ) (-437.749939 -1024 704 ) (-437.749939 -1024 768 ) 
4 202 208 (-304.954742 -905.958374 768 ) (-330.014679 -928.233887 768 ) (-330.014709 -928.233887 704 ) (-304.954712 -905.958313 704 ) 
4 202 207 (-330.014679 -928.233887 768 ) (-437.751648 -1024 768 ) (-437.751648 -1024 704 ) (-330.014709 -928.233887 704 ) 
4 202 204 (-304.957031 -905.957031 704 ) (-367.002289 -886.998718 704 ) (-367 -887 768 ) (-304.953247 -905.958496 768 ) 
4 202 203 (-367.002289 -886.998718 704 ) (-504.765625 -844.904297 704 ) (-504.773438 -844.902344 768 ) (-367 -887 768 ) 
4 202 205 (-821.046875 -1024 704 ) (-504.770020 -844.903625 704 ) (-304.956726 -905.957642 704 ) (-437.754333 -1024 704 ) 
3 203 205 (-504.770020 -844.903625 704 ) (-475.952850 -828.585510 704 ) (-367 -887 704 ) 
4 203 204 (-367.001984 -887 768 ) (-367.001984 -887 704 ) (-475.950928 -828.586609 704 ) (-475.949219 -828.585938 768 ) 
4 204 209 (0 -634.887512 704 ) (0 -634.887512 768 ) (-304.954742 -905.958374 768 ) (-304.954712 -905.958313 704 ) 
5 204 205 (-475.952850 -828.585510 704 ) (0 -559.070313 704 ) (0 -634.885010 704 ) (-304.956726 -905.957642 704 ) (-367 -887 704 ) 
4 205 217 (-821.042542 -1024 704 ) (-821.042542 -1024 -1018.030029 ) (-437.749939 -1024 -1018.030029 ) (-437.749939 -1024 704 ) 
4 205 210 (-437.751709 -1024 -1018.030029 ) (0 -634.887512 -1018.030029 ) (0 -634.887512 704 ) (-437.751648 -1024 704 ) 
4 206 217 (-202.230789 -1024 4086.030029 ) (-437.749969 -1024 4086.030029 ) (-437.749939 -1024 768 ) (-202.230774 -1024 768 ) 
4 206 211 (0 -761.100586 768 ) (0 -761.100525 4086.030029 ) (-202.230362 -1024 4086.030029 ) (-202.230438 -1024 768 ) 
5 206 209 (-304.953644 -905.958618 768 ) (0 -634.888245 768 ) (0 -761.104675 768 ) (-142.448929 -946.288269 768 ) (-187 -942 768 ) 
3 206 208 (-330.013428 -928.234009 768 ) (-304.953644 -905.958618 768 ) (-187 -942 768 ) 
4 206 207 (-437.750000 -1024 768 ) (-330.013428 -928.234009 768 ) (-142.448929 -946.288269 768 ) (-202.227173 -1024 768 ) 
4 207 217 (-437.749939 -1024 768 ) (-437.749939 -1024 704 ) (-202.230774 -1024 704 ) (-202.230774 -1024 768 ) 
4 207 213 (-142.451965 -946.288025 768 ) (-165.234161 -975.904846 768 ) (-165.234161 -975.904846 704 ) (-142.451965 -946.288025 704 ) 
4 207 212 (-165.234161 -975.904846 768 ) (-202.230438 -1024 768 ) (-202.230438 -1024 704 ) (-165.234161 -975.904846 704 ) 
4 207 209 (-142.457031 -946.287598 704 ) (-187 -942 704 ) (-187 -942 768 ) (-142.449219 -946.288574 768 ) 
4 207 208 (-187 -942 704 ) (-330.013306 -928.234070 704 ) (-330.011719 -928.234375 768 ) (-187 -942 768 ) 
4 207 210 (-437.750000 -1024 704 ) (-330.012817 -928.234009 704 ) (-142.448944 -946.288330 704 ) (-202.227127 -1024 704 ) 
3 208 210 (-330.012817 -928.234009 704 ) (-304.953094 -905.958801 704 ) (-187 -942 704 ) 
4 208 209 (-186.998016 -942 768 ) (-186.998016 -942 704 ) (-304.953735 -905.958984 704 ) (-304.953125 -905.957031 768 ) 
4 209 214 (0 -761.100586 704 ) (0 -761.100586 768 ) (-142.451965 -946.288025 768 ) (-142.451965 -946.288025 704 ) 
5 209 210 (-304.953094 -905.958801 704 ) (0 -634.890625 704 ) (0 -761.104736 704 ) (-142.448944 -946.288330 704 ) (-187 -942 704 ) 
4 210 217 (-437.749939 -1024 704 ) (-437.749939 -1024 -1018.030029 ) (-202.230774 -1024 -1018.030029 ) (-202.230774 -1024 704 ) 
4 210 215 (-202.230469 -1024 -1018.030029 ) (0 -761.100586 -1018.030029 ) (0 -761.100586 704 ) (-202.230438 -1024 704 ) 
4 211 217 (0 -1024 768 ) (0 -1024 4086.030029 ) (-202.230789 -1024 4086.030029 ) (-202.230774 -1024 768 ) 
3 211 214 (-142.448486 -946.288391 768 ) (0 -761.105103 768 ) (0 -960 768 ) 
3 211 213 (-165.230057 -975.904480 768 ) (-142.448486 -946.288391 768 ) (0 -960 768 ) 
4 211 212 (0 -1024 768 ) (-202.226563 -1024 768 ) (-165.230057 -975.904480 768 ) (0 -960 768 ) 
4 212 217 (0 -1024 704 ) (0 -1024 768 ) (-202.230774 -1024 768 ) (-202.230774 -1024 704 ) 
4 212 213 (0 -960 704 ) (-165.238281 -975.905273 704 ) (-165.234375 -975.905273 768 ) (0 -960 768 ) 
4 212 215 (-202.226563 -1024 704 ) (-165.229996 -975.904480 704 ) (0 -960 704 ) (0 -1024 704 ) 
3 213 215 (-165.229996 -975.904480 704 ) (-142.448410 -946.288391 704 ) (0 -960 704 ) 
4 213 214 (0.001976 -960 768 ) (0.001974 -960 704 ) (-142.452377 -946.288086 704 ) (-142.453125 -946.288086 768 ) 
3 214 215 (-142.448410 -946.288391 704 ) (0 -761.105469 704 ) (0 -960 704 ) 
4 215 217 (0 -1024 -1018.030029 ) (0 -1024 704 ) (-202.230774 -1024 704 ) (-202.230774 -1024 -1018.030029 ) 
4 216 218 (-1024 -1024 -1018.030029 ) (-1024 -1024 4086.030029 ) (-2048 -1024 4086.030029 ) (-2048 -1024 -1018.030029 ) 
4 217 218 (-1024 -1024 4086.030029 ) (-1024 -1024 -1018.030029 ) (-1024 -2048 -1018.030029 ) (-1024 -2048 4086.030029 ) 
