


materialPath: C:\Program Files (x86)\Steam\steamapps\common\Counter-Strike Global Offensive\csgo\materials
Loading c:\users\noffy\documents\github\de_silo\de_silo.vmf
Map revision 2
fixing up env_cubemap materials on brush sides...
0...1...2...3...4...5...6...7...8...9...100...1...2...3...4...5...6...7...8...9...10Processing areas...done (0)
Building Faces...done (0)
FixTjuncs...
PruneNodes...
WriteBSP...
done (0)
writing c:\users\noffy\documents\github\de_silo\de_silo.prt...Building visibility clusters...
AutoVisClustering (threshold=-1) matched 0 leafs.
done (0)
Finding displacement neighbors...
Finding lightmap sample positions...
Displacement Alpha : 0...1...2...3...4...5...6...7...8...9...10
Building Physics collision data...
done (0) (13839 bytes)
Placing detail props : 0...1...2...3...4...5...6...7...8...9...10
Compacting texture/material tables...
Reduced 8 texinfos to 5
Reduced 3 texdatas to 3 (65 bytes to 65)
Writing c:\users\noffy\documents\github\de_silo\de_silo.bsp
MSG_FILEWRITE - Filesystem was asked to write to 'c:\users\noffy\documents\github\de_silo\de_silo.bsp', but we don't own that location. Allowing...
1 second elapsed



4 threads
reading c:\users\noffy\documents\github\de_silo\de_silo.bsp
reading c:\users\noffy\documents\github\de_silo\de_silo.prt
 219 portalclusters
 778 numportals
0...1...2...3...4...5...6...7...8...9...100...1...2...3...4...5...6...7...8...9...10


materialPath: C:\Program Files (x86)\Steam\steamapps\common\Counter-Strike Global Offensive\csgo\materials
Loading c:\users\noffy\documents\github\de_silo\de_silo.vmf
Map revision 2
fixing up env_cubemap materials on brush sides...
0...1...2...3...4...5...6...7...8...9...100...1...2...3...4...5...6...7...8...9...10Processing areas...done (0)
Building Faces...done (1)
FixTjuncs...
PruneNodes...
WriteBSP...
done (0)
writing c:\users\noffy\documents\github\de_silo\de_silo.prt...Building visibility clusters...
AutoVisClustering (threshold=-1) matched 0 leafs.
done (0)
Finding displacement neighbors...
Finding lightmap sample positions...
Displacement Alpha : 0...1...2...3...4...5...6...7...8...9...10
Building Physics collision data...
done (0) (13839 bytes)
Placing detail props : 0...1...2...3...4...5...6...7...8...9...10
Compacting texture/material tables...
Reduced 8 texinfos to 5
Reduced 3 texdatas to 3 (65 bytes to 65)
Writing c:\users\noffy\documents\github\de_silo\de_silo.bsp
MSG_FILEWRITE - Filesystem was asked to write to 'c:\users\noffy\documents\github\de_silo\de_silo.bsp', but we don't own that location. Allowing...
1 second elapsed



4 threads
reading c:\users\noffy\documents\github\de_silo\de_silo.bsp
reading c:\users\noffy\documents\github\de_silo\de_silo.prt
 219 portalclusters
 778 numportals
0...1...2...3...4...5...6...7...8...9...100...1...2...3...4...5...6...7...8...9...10Optimized: 0 visible clusters (0.00%)
Total clusters visible: 47961
Average clusters visible: 219
Building PAS...
Average clusters audible: 219
visdatasize:14020  compressed from 14016
writing c:\users\noffy\documents\github\de_silo\de_silo.bsp
MSG_FILEWRITE - Filesystem was asked to write to 'c:\users\noffy\documents\github\de_silo\de_silo.bsp', but we don't own that location. Allowing...
5 seconds elapsed



[Reading texlights from 'lights.rad']
[17 texlights parsed from 'lights.rad']

Loading c:\users\noffy\documents\github\de_silo\de_silo.bsp
241 faces
845725 square feet [121784488.00 square inches]
0 Displacements
0 Square Feet [0.00 Square Inches]
241 patches before subdivision
5171 patches after subdivision
0 direct lights
0...1...2...3...4...5...6...7...8...9...100...1...2...3...4...5...6...7...8...9...10transfers 3880, max 93
transfer lists:   0.0 megs
0...1...2...3...4...5...6...7...8...9...10	Bounce #1 added RGB(0, 0, 0)
Build Patch/Sample Hash Table(s).....Done<0.0017 sec>
0...1...2...3...4...5...6...7...8...9...10FinalLightFace Done
0 of 0 (0% of) surface lights went in leaf ambient cubes.
0...1...2...3...4...5...6...7...8...9...10Writing leaf ambient...done
Ready to Finish

Object names       Objects/Maxobjs  Memory / Maxmem  Fullness 
------------       ---------------  ---------------  -------- 
models                   1/1024           48/49152    ( 0.1%) 
brushes                 38/8192          456/98304    ( 0.5%) 
brushsides             357/81920        2856/655360   ( 0.4%) 
planes                 392/65536        7840/1310720  ( 0.6%) 
vertexes               381/65536        4572/786432   ( 0.6%) 
nodes                  266/65536        8512/2097152  ( 0.4%) 
texinfos                 5/12288         360/884736   ( 0.0%) 
texdata                  3/4096           96/131072   ( 0.1%) 
dispinfos                0/0               0/0        ( 0.0%) 
disp_verts               0/0               0/0        ( 0.0%) 
disp_tris                0/0               0/0        ( 0.0%) 
disp_multiblend          0/0               0/0        ( 0.0%) 
disp_lmsamples           0/0               0/0        ( 0.0%) 
faces                  241/65536       13496/3670016  ( 0.4%) 
hdr faces              241/65536       13496/3670016  ( 0.4%) 
origfaces              125/65536        7000/3670016  ( 0.2%) 
facebrushes              0/0               0/0        ( 0.0%) 
facebrushlists         241/0             964/0        ( 0.0%) 
leaves                 268/65536        8576/2097152  ( 0.4%) 
leaffaces              337/65536         674/131072   ( 0.5%) 
leafbrushes            116/65536         232/131072   ( 0.2%) 
areas                    2/1024           16/8192     ( 0.2%) 
surfedges             1636/512000       6544/2048000  ( 0.3%) 
edges                  939/256000       3756/1024000  ( 0.4%) 
LDR worldlights          0/8192            0/819200   ( 0.0%) 
HDR worldlights          0/8192            0/819200   ( 0.0%) 
leafwaterdata            0/32768           0/393216   ( 0.0%) 
waterstrips             36/32768         360/327680   ( 0.1%) 
waterverts               0/65536           0/786432   ( 0.0%) 
waterindices           372/65536         744/131072   ( 0.6%) 
cubemapsamples           0/1024            0/16384    ( 0.0%) 
overlays                 0/1024            0/360448   ( 0.0%) 
LDR lightdata         [variable]           0/0        ( 0.0%) 
HDR lightdata         [variable]      419316/0        ( 0.0%) 
visdata               [variable]       14020/16777216 ( 0.1%) 
entdata               [variable]         353/393216   ( 0.1%) 
LDR ambient table      268/65536        1072/262144   ( 0.4%) 
HDR ambient table      268/65536        1072/262144   ( 0.4%) 
LDR leaf ambient       268/65536        7504/1835008  ( 0.4%) 
HDR leaf ambient       219/65536        6132/1835008  ( 0.3%) 
occluders                0/0               0/0        ( 0.0%) 
occluder polygons        0/0               0/0        ( 0.0%) 
occluder vert ind        0/0               0/0        ( 0.0%) 
detail props          [variable]           1/12       ( 8.3%) 
static props          [variable]           1/12       ( 8.3%) 
pakfile               [variable]       74426/0        ( 0.0%) 
physics               [variable]       13839/4194304  ( 0.3%) 
physics terrain       [variable]           2/1048576  ( 0.0%) 

Level flags = 7e

Total triangle count: 654
Writing c:\users\noffy\documents\github\de_silo\de_silo.bsp
MSG_FILEWRITE - Filesystem was asked to write to 'c:\users\noffy\documents\github\de_silo\de_silo.bsp', but we don't own that location. Allowing...
3 seconds elapsed



materialPath: C:\Program Files (x86)\Steam\steamapps\common\Counter-Strike Global Offensive\csgo\materials
Loading c:\users\noffy\documents\github\de_silo\de_silo.vmf
Map revision 2
fixing up env_cubemap materials on brush sides...
0...1...2...3...4...5...6...7...8...9...100...1...2...3...4...5...6...7...8...9...10Processing areas...done (0)
Building Faces...done (0)
FixTjuncs...
PruneNodes...
WriteBSP...
done (0)
writing c:\users\noffy\documents\github\de_silo\de_silo.prt...Building visibility clusters...
AutoVisClustering (threshold=-1) matched 0 leafs.
done (0)
Finding displacement neighbors...
Finding lightmap sample positions...
Displacement Alpha : 0...1...2...3...4...5...6...7...8...9...10
Building Physics collision data...
done (0) (13839 bytes)
Placing detail props : 0...1...2...3...4...5...6...7...8...9...10
Compacting texture/material tables...
Reduced 8 texinfos to 5
Reduced 3 texdatas to 3 (65 bytes to 65)
Writing c:\users\noffy\documents\github\de_silo\de_silo.bsp
MSG_FILEWRITE - Filesystem was asked to write to 'c:\users\noffy\documents\github\de_silo\de_silo.bsp', but we don't own that location. Allowing...
1 second elapsed



4 threads
reading c:\users\noffy\documents\github\de_silo\de_silo.bsp
reading c:\users\noffy\documents\github\de_silo\de_silo.prt
 219 portalclusters
 778 numportals
0...1...2...3...4...5...6...7...8...9...100...1...2...3...4...5...6...7...8...9...10Optimized: 0 visible clusters (0.00%)
Total clusters visible: 47961
Average clusters visible: 219
Building PAS...
Average clusters audible: 219
visdatasize:14020  compressed from 14016
writing c:\users\noffy\documents\github\de_silo\de_silo.bsp
MSG_FILEWRITE - Filesystem was asked to write to 'c:\users\noffy\documents\github\de_silo\de_silo.bsp', but we don't own that location. Allowing...
6 seconds elapsed



[Reading texlights from 'lights.rad']
[17 texlights parsed from 'lights.rad']

Loading c:\users\noffy\documents\github\de_silo\de_silo.bsp
241 faces
845725 square feet [121784488.00 square inches]
0 Displacements
0 Square Feet [0.00 Square Inches]
241 patches before subdivision
5171 patches after subdivision
0 direct lights
0...1...2...3...4...5...6...7...8...9...100...1...2...3...4...5...6...7...8...9...10transfers 3880, max 93
transfer lists:   0.0 megs
0...1...2...3...4...5...6...7...8...9...10	Bounce #1 added RGB(0, 0, 0)
Build Patch/Sample Hash Table(s).....Done<0.0026 sec>
0...1...2...3...4...5...6...7...8...9...10FinalLightFace Done
0 of 0 (0% of) surface lights went in leaf ambient cubes.
0...1...2...3...4...5...6...7...8...9...10Writing leaf ambient...done
Ready to Finish

Object names       Objects/Maxobjs  Memory / Maxmem  Fullness 
------------       ---------------  ---------------  -------- 
models                   1/1024           48/49152    ( 0.1%) 
brushes                 38/8192          456/98304    ( 0.5%) 
brushsides             357/81920        2856/655360   ( 0.4%) 
planes                 392/65536        7840/1310720  ( 0.6%) 
vertexes               381/65536        4572/786432   ( 0.6%) 
nodes                  266/65536        8512/2097152  ( 0.4%) 
texinfos                 5/12288         360/884736   ( 0.0%) 
texdata                  3/4096           96/131072   ( 0.1%) 
dispinfos                0/0               0/0        ( 0.0%) 
disp_verts               0/0               0/0        ( 0.0%) 
disp_tris                0/0               0/0        ( 0.0%) 
disp_multiblend          0/0               0/0        ( 0.0%) 
disp_lmsamples           0/0               0/0        ( 0.0%) 
faces                  241/65536       13496/3670016  ( 0.4%) 
hdr faces              241/65536       13496/3670016  ( 0.4%) 
origfaces              125/65536        7000/3670016  ( 0.2%) 
facebrushes              0/0               0/0        ( 0.0%) 
facebrushlists         241/0             964/0        ( 0.0%) 
leaves                 268/65536        8576/2097152  ( 0.4%) 
leaffaces              337/65536         674/131072   ( 0.5%) 
leafbrushes            116/65536         232/131072   ( 0.2%) 
areas                    2/1024           16/8192     ( 0.2%) 
surfedges             1636/512000       6544/2048000  ( 0.3%) 
edges                  939/256000       3756/1024000  ( 0.4%) 
LDR worldlights          0/8192            0/819200   ( 0.0%) 
HDR worldlights          0/8192            0/819200   ( 0.0%) 
leafwaterdata            0/32768           0/393216   ( 0.0%) 
waterstrips             36/32768         360/327680   ( 0.1%) 
waterverts               0/65536           0/786432   ( 0.0%) 
waterindices           372/65536         744/131072   ( 0.6%) 
cubemapsamples           0/1024            0/16384    ( 0.0%) 
overlays                 0/1024            0/360448   ( 0.0%) 
LDR lightdata         [variable]           0/0        ( 0.0%) 
HDR lightdata         [variable]      419316/0        ( 0.0%) 
visdata               [variable]       14020/16777216 ( 0.1%) 
entdata               [variable]         353/393216   ( 0.1%) 
LDR ambient table      268/65536        1072/262144   ( 0.4%) 
HDR ambient table      268/65536        1072/262144   ( 0.4%) 
LDR leaf ambient       268/65536        7504/1835008  ( 0.4%) 
HDR leaf ambient       219/65536        6132/1835008  ( 0.3%) 
occluders                0/0               0/0        ( 0.0%) 
occluder polygons        0/0               0/0        ( 0.0%) 
occluder vert ind        0/0               0/0        ( 0.0%) 
detail props          [variable]           1/12       ( 8.3%) 
static props          [variable]           1/12       ( 8.3%) 
pakfile               [variable]       74426/0        ( 0.0%) 
physics               [variable]       13839/4194304  ( 0.3%) 
physics terrain       [variable]           2/1048576  ( 0.0%) 

Level flags = 7e

Total triangle count: 654
Writing c:\users\noffy\documents\github\de_silo\de_silo.bsp
MSG_FILEWRITE - Filesystem was asked to write to 'c:\users\noffy\documents\github\de_silo\de_silo.bsp', but we don't own that location. Allowing...
3 seconds elapsed
